0000000 317 372 355 376  \a  \0  \0 001 003  \0  \0  \0 002  \0  \0  \0
0000010 026  \0  \0  \0 370  \n  \0  \0 205  \0      \0  \0  \0  \0  \0
0000020 031  \0  \0  \0   H  \0  \0  \0   _   _   P   A   G   E   Z   E
0000030   R   O  \0  \0  \0  \0  \0  \0  \0  \0  \0  \0  \0  \0  \0  \0
0000040  \0  \0  \0  \0 001  \0  \0  \0  \0  \0  \0  \0  \0  \0  \0  \0
0000050  \0  \0  \0  \0  \0  \0  \0  \0  \0  \0  \0  \0  \0  \0  \0  \0
0000060  \0  \0  \0  \0  \0  \0  \0  \0 031  \0  \0  \0 310 002  \0  \0
0000070   _   _   T   E   X   T  \0  \0  \0  \0  \0  \0  \0  \0  \0  \0
0000080  \0  \0  \0  \0 001  \0  \0  \0  \0   @  \0  \0  \0  \0  \0  \0
0000090  \0  \0  \0  \0  \0  \0  \0  \0  \0   @  \0  \0  \0  \0  \0  \0
00000a0 005  \0  \0  \0 005  \0  \0  \0  \b  \0  \0  \0  \0  \0  \0  \0
00000b0   _   _   t   e   x   t  \0  \0  \0  \0  \0  \0  \0  \0  \0  \0
00000c0   _   _   T   E   X   T  \0  \0  \0  \0  \0  \0  \0  \0  \0  \0
00000d0 020   -  \0  \0 001  \0  \0  \0 235 005  \0  \0  \0  \0  \0  \0
00000e0 020   -  \0  \0 004  \0  \0  \0  \0  \0  \0  \0  \0  \0  \0  \0
00000f0  \0 004  \0 200  \0  \0  \0  \0  \0  \0  \0  \0  \0  \0  \0  \0
0000100   _   _   s   t   u   b   s  \0  \0  \0  \0  \0  \0  \0  \0  \0
0000110   _   _   T   E   X   T  \0  \0  \0  \0  \0  \0  \0  \0  \0  \0
0000120 256   2  \0  \0 001  \0  \0  \0   <  \0  \0  \0  \0  \0  \0  \0
0000130 256   2  \0  \0 001  \0  \0  \0  \0  \0  \0  \0  \0  \0  \0  \0
0000140  \b 004  \0 200  \0  \0  \0  \0 006  \0  \0  \0  \0  \0  \0  \0
0000150   _   _   s   t   u   b   _   h   e   l   p   e   r  \0  \0  \0
0000160   _   _   T   E   X   T  \0  \0  \0  \0  \0  \0  \0  \0  \0  \0
0000170 354   2  \0  \0 001  \0  \0  \0   t  \0  \0  \0  \0  \0  \0  \0
0000180 354   2  \0  \0 002  \0  \0  \0  \0  \0  \0  \0  \0  \0  \0  \0
0000190  \0 004  \0 200  \0  \0  \0  \0  \0  \0  \0  \0  \0  \0  \0  \0
00001a0   _   _   c   s   t   r   i   n   g  \0  \0  \0  \0  \0  \0  \0
00001b0   _   _   T   E   X   T  \0  \0  \0  \0  \0  \0  \0  \0  \0  \0
00001c0   `   3  \0  \0 001  \0  \0  \0 313  \0  \0  \0  \0  \0  \0  \0
00001d0   `   3  \0  \0  \0  \0  \0  \0  \0  \0  \0  \0  \0  \0  \0  \0
00001e0 002  \0  \0  \0  \0  \0  \0  \0  \0  \0  \0  \0  \0  \0  \0  \0
00001f0   _   _   o   b   j   c   _   m   e   t   h   n   a   m   e  \0
0000200   _   _   T   E   X   T  \0  \0  \0  \0  \0  \0  \0  \0  \0  \0
0000210   +   4  \0  \0 001  \0  \0  \0   G  \a  \0  \0  \0  \0  \0  \0
0000220   +   4  \0  \0  \0  \0  \0  \0  \0  \0  \0  \0  \0  \0  \0  \0
0000230 002  \0  \0  \0  \0  \0  \0  \0  \0  \0  \0  \0  \0  \0  \0  \0
0000240   _   _   o   b   j   c   _   c   l   a   s   s   n   a   m   e
0000250   _   _   T   E   X   T  \0  \0  \0  \0  \0  \0  \0  \0  \0  \0
0000260   r   ;  \0  \0 001  \0  \0  \0   :  \0  \0  \0  \0  \0  \0  \0
0000270   r   ;  \0  \0  \0  \0  \0  \0  \0  \0  \0  \0  \0  \0  \0  \0
0000280 002  \0  \0  \0  \0  \0  \0  \0  \0  \0  \0  \0  \0  \0  \0  \0
0000290   _   _   o   b   j   c   _   m   e   t   h   t   y   p   e  \0
00002a0   _   _   T   E   X   T  \0  \0  \0  \0  \0  \0  \0  \0  \0  \0
00002b0 254   ;  \0  \0 001  \0  \0  \0  \v 004  \0  \0  \0  \0  \0  \0
00002c0 254   ;  \0  \0  \0  \0  \0  \0  \0  \0  \0  \0  \0  \0  \0  \0
00002d0 002  \0  \0  \0  \0  \0  \0  \0  \0  \0  \0  \0  \0  \0  \0  \0
00002e0   _   _   u   n   w   i   n   d   _   i   n   f   o  \0  \0  \0
00002f0   _   _   T   E   X   T  \0  \0  \0  \0  \0  \0  \0  \0  \0  \0
0000300 270   ?  \0  \0 001  \0  \0  \0   H  \0  \0  \0  \0  \0  \0  \0
0000310 270   ?  \0  \0 002  \0  \0  \0  \0  \0  \0  \0  \0  \0  \0  \0
0000320  \0  \0  \0  \0  \0  \0  \0  \0  \0  \0  \0  \0  \0  \0  \0  \0
0000330 031  \0  \0  \0 330 001  \0  \0   _   _   D   A   T   A   _   C
0000340   O   N   S   T  \0  \0  \0  \0  \0   @  \0  \0 001  \0  \0  \0
0000350  \0   @  \0  \0  \0  \0  \0  \0  \0   @  \0  \0  \0  \0  \0  \0
0000360  \0   @  \0  \0  \0  \0  \0  \0 003  \0  \0  \0 003  \0  \0  \0
0000370 005  \0  \0  \0 020  \0  \0  \0   _   _   g   o   t  \0  \0  \0
0000380  \0  \0  \0  \0  \0  \0  \0  \0   _   _   D   A   T   A   _   C
0000390   O   N   S   T  \0  \0  \0  \0  \0   @  \0  \0 001  \0  \0  \0
00003a0 030  \0  \0  \0  \0  \0  \0  \0  \0   @  \0  \0 003  \0  \0  \0
00003b0  \0  \0  \0  \0  \0  \0  \0  \0 006  \0  \0  \0  \n  \0  \0  \0
00003c0  \0  \0  \0  \0  \0  \0  \0  \0   _   _   c   f   s   t   r   i
00003d0   n   g  \0  \0  \0  \0  \0  \0   _   _   D   A   T   A   _   C
00003e0   O   N   S   T  \0  \0  \0  \0 030   @  \0  \0 001  \0  \0  \0
00003f0 200  \0  \0  \0  \0  \0  \0  \0 030   @  \0  \0 003  \0  \0  \0
0000400  \0  \0  \0  \0  \0  \0  \0  \0  \0  \0  \0  \0  \0  \0  \0  \0
0000410  \0  \0  \0  \0  \0  \0  \0  \0   _   _   o   b   j   c   _   c
0000420   l   a   s   s   l   i   s   t   _   _   D   A   T   A   _   C
0000430   O   N   S   T  \0  \0  \0  \0 230   @  \0  \0 001  \0  \0  \0
0000440 020  \0  \0  \0  \0  \0  \0  \0 230   @  \0  \0 003  \0  \0  \0
0000450  \0  \0  \0  \0  \0  \0  \0  \0  \0  \0  \0 020  \0  \0  \0  \0
0000460  \0  \0  \0  \0  \0  \0  \0  \0   _   _   o   b   j   c   _   p
0000470   r   o   t   o   l   i   s   t   _   _   D   A   T   A   _   C
0000480   O   N   S   T  \0  \0  \0  \0 250   @  \0  \0 001  \0  \0  \0
0000490 020  \0  \0  \0  \0  \0  \0  \0 250   @  \0  \0 003  \0  \0  \0
00004a0  \0  \0  \0  \0  \0  \0  \0  \0  \0  \0  \0  \0  \0  \0  \0  \0
00004b0  \0  \0  \0  \0  \0  \0  \0  \0   _   _   o   b   j   c   _   i
00004c0   m   a   g   e   i   n   f   o   _   _   D   A   T   A   _   C
00004d0   O   N   S   T  \0  \0  \0  \0 270   @  \0  \0 001  \0  \0  \0
00004e0  \b  \0  \0  \0  \0  \0  \0  \0 270   @  \0  \0 002  \0  \0  \0
00004f0  \0  \0  \0  \0  \0  \0  \0  \0  \0  \0  \0  \0  \0  \0  \0  \0
0000500  \0  \0  \0  \0  \0  \0  \0  \0 031  \0  \0  \0   x 002  \0  \0
0000510   _   _   D   A   T   A  \0  \0  \0  \0  \0  \0  \0  \0  \0  \0
0000520  \0 200  \0  \0 001  \0  \0  \0  \0   @  \0  \0  \0  \0  \0  \0
0000530  \0 200  \0  \0  \0  \0  \0  \0  \0   @  \0  \0  \0  \0  \0  \0
0000540 003  \0  \0  \0 003  \0  \0  \0  \a  \0  \0  \0  \0  \0  \0  \0
0000550   _   _   l   a   _   s   y   m   b   o   l   _   p   t   r  \0
0000560   _   _   D   A   T   A  \0  \0  \0  \0  \0  \0  \0  \0  \0  \0
0000570  \0 200  \0  \0 001  \0  \0  \0   P  \0  \0  \0  \0  \0  \0  \0
0000580  \0 200  \0  \0 003  \0  \0  \0  \0  \0  \0  \0  \0  \0  \0  \0
0000590  \a  \0  \0  \0  \r  \0  \0  \0  \0  \0  \0  \0  \0  \0  \0  \0
00005a0   _   _   o   b   j   c   _   c   o   n   s   t  \0  \0  \0  \0
00005b0   _   _   D   A   T   A  \0  \0  \0  \0  \0  \0  \0  \0  \0  \0
00005c0   P 200  \0  \0 001  \0  \0  \0 350  \t  \0  \0  \0  \0  \0  \0
00005d0   P 200  \0  \0 003  \0  \0  \0  \0  \0  \0  \0  \0  \0  \0  \0
00005e0  \0  \0  \0  \0  \0  \0  \0  \0  \0  \0  \0  \0  \0  \0  \0  \0
00005f0   _   _   o   b   j   c   _   s   e   l   r   e   f   s  \0  \0
0000600   _   _   D   A   T   A  \0  \0  \0  \0  \0  \0  \0  \0  \0  \0
0000610   8 212  \0  \0 001  \0  \0  \0   p  \0  \0  \0  \0  \0  \0  \0
0000620   8 212  \0  \0 003  \0  \0  \0  \0  \0  \0  \0  \0  \0  \0  \0
0000630 005  \0  \0 020  \0  \0  \0  \0  \0  \0  \0  \0  \0  \0  \0  \0
0000640   _   _   o   b   j   c   _   c   l   a   s   s   r   e   f   s
0000650   _   _   D   A   T   A  \0  \0  \0  \0  \0  \0  \0  \0  \0  \0
0000660 250 212  \0  \0 001  \0  \0  \0   (  \0  \0  \0  \0  \0  \0  \0
0000670 250 212  \0  \0 003  \0  \0  \0  \0  \0  \0  \0  \0  \0  \0  \0
0000680  \0  \0  \0 020  \0  \0  \0  \0  \0  \0  \0  \0  \0  \0  \0  \0
0000690   _   _   o   b   j   c   _   s   u   p   e   r   r   e   f   s
00006a0   _   _   D   A   T   A  \0  \0  \0  \0  \0  \0  \0  \0  \0  \0
00006b0 320 212  \0  \0 001  \0  \0  \0  \b  \0  \0  \0  \0  \0  \0  \0
00006c0 320 212  \0  \0 003  \0  \0  \0  \0  \0  \0  \0  \0  \0  \0  \0
00006d0  \0  \0  \0 020  \0  \0  \0  \0  \0  \0  \0  \0  \0  \0  \0  \0
00006e0   _   _   o   b   j   c   _   d   a   t   a  \0  \0  \0  \0  \0
00006f0   _   _   D   A   T   A  \0  \0  \0  \0  \0  \0  \0  \0  \0  \0
0000700 330 212  \0  \0 001  \0  \0  \0 240  \0  \0  \0  \0  \0  \0  \0
0000710 330 212  \0  \0 003  \0  \0  \0  \0  \0  \0  \0  \0  \0  \0  \0
0000720  \0  \0  \0  \0  \0  \0  \0  \0  \0  \0  \0  \0  \0  \0  \0  \0
0000730   _   _   d   a   t   a  \0  \0  \0  \0  \0  \0  \0  \0  \0  \0
0000740   _   _   D   A   T   A  \0  \0  \0  \0  \0  \0  \0  \0  \0  \0
0000750   x 213  \0  \0 001  \0  \0  \0 310  \0  \0  \0  \0  \0  \0  \0
0000760   x 213  \0  \0 003  \0  \0  \0  \0  \0  \0  \0  \0  \0  \0  \0
0000770  \0  \0  \0  \0  \0  \0  \0  \0  \0  \0  \0  \0  \0  \0  \0  \0
0000780 031  \0  \0  \0   H  \0  \0  \0   _   _   L   I   N   K   E   D
0000790   I   T  \0  \0  \0  \0  \0  \0  \0 300  \0  \0 001  \0  \0  \0
00007a0  \0   @  \0  \0  \0  \0  \0  \0  \0 300  \0  \0  \0  \0  \0  \0
00007b0 340 031  \0  \0  \0  \0  \0  \0 001  \0  \0  \0 001  \0  \0  \0
00007c0  \0  \0  \0  \0  \0  \0  \0  \0   "  \0  \0 200   0  \0  \0  \0
00007d0  \0 300  \0  \0 270  \0  \0  \0 270 300  \0  \0 270 001  \0  \0
00007e0  \0  \0  \0  \0  \0  \0  \0  \0   p 302  \0  \0 370  \0  \0  \0
00007f0   h 303  \0  \0 360  \0  \0  \0 002  \0  \0  \0 030  \0  \0  \0
0000800   h 304  \0  \0 213  \0  \0  \0   x 315  \0  \0   h  \f  \0  \0
0000810  \v  \0  \0  \0   P  \0  \0  \0  \0  \0  \0  \0   g  \0  \0  \0
0000820   g  \0  \0  \0  \f  \0  \0  \0   s  \0  \0  \0 030  \0  \0  \0
0000830  \0  \0  \0  \0  \0  \0  \0  \0  \0  \0  \0  \0  \0  \0  \0  \0
0000840  \0  \0  \0  \0  \0  \0  \0  \0 030 315  \0  \0 027  \0  \0  \0
0000850  \0  \0  \0  \0  \0  \0  \0  \0  \0  \0  \0  \0  \0  \0  \0  \0
0000860 016  \0  \0  \0      \0  \0  \0  \f  \0  \0  \0   /   u   s   r
0000870   /   l   i   b   /   d   y   l   d  \0  \0  \0  \0  \0  \0  \0
0000880 033  \0  \0  \0 030  \0  \0  \0 341   G   ~   X 031       5   <
0000890 267 241 241 366 256   r 370   %   2  \0  \0  \0      \0  \0  \0
00008a0 001  \0  \0  \0  \0 017  \n  \0  \0 001  \v  \0 001  \0  \0  \0
00008b0 003  \0  \0  \0  \0  \b   a 002   *  \0  \0  \0 020  \0  \0  \0
00008c0  \0  \0  \0  \0  \0  \0  \0  \0   (  \0  \0 200 030  \0  \0  \0
00008d0   0   1  \0  \0  \0  \0  \0  \0  \0  \0  \0  \0  \0  \0  \0  \0
00008e0  \f  \0  \0  \0   X  \0  \0  \0 030  \0  \0  \0 002  \0  \0  \0
00008f0  \0  \0 027  \0  \0  \0 001  \0   /   S   y   s   t   e   m   /
0000900   L   i   b   r   a   r   y   /   F   r   a   m   e   w   o   r
0000910   k   s   /   C   o   c   o   a   .   f   r   a   m   e   w   o
0000920   r   k   /   V   e   r   s   i   o   n   s   /   A   /   C   o
0000930   c   o   a  \0  \0  \0  \0  \0  \f  \0  \0  \0   `  \0  \0  \0
0000940 030  \0  \0  \0 002  \0  \0  \0  \0 377 352 006  \0  \0   , 001
0000950   /   S   y   s   t   e   m   /   L   i   b   r   a   r   y   /
0000960   F   r   a   m   e   w   o   r   k   s   /   F   o   u   n   d
0000970   a   t   i   o   n   .   f   r   a   m   e   w   o   r   k   /
0000980   V   e   r   s   i   o   n   s   /   C   /   F   o   u   n   d
0000990   a   t   i   o   n  \0  \0  \0  \f  \0  \0  \0   8  \0  \0  \0
00009a0 030  \0  \0  \0 002  \0  \0  \0  \0  \0 344  \0  \0  \0 001  \0
00009b0   /   u   s   r   /   l   i   b   /   l   i   b   o   b   j   c
00009c0   .   A   .   d   y   l   i   b  \0  \0  \0  \0  \0  \0  \0  \0
00009d0  \f  \0  \0  \0   8  \0  \0  \0 030  \0  \0  \0 002  \0  \0  \0
00009e0 001   <  \f 005  \0  \0 001  \0   /   u   s   r   /   l   i   b
00009f0   /   l   i   b   S   y   s   t   e   m   .   B   .   d   y   l
0000a00   i   b  \0  \0  \0  \0  \0  \0  \f  \0  \0  \0   X  \0  \0  \0
0000a10 030  \0  \0  \0 002  \0  \0  \0   u 024 346  \a  \0  \0   -  \0
0000a20   /   S   y   s   t   e   m   /   L   i   b   r   a   r   y   /
0000a30   F   r   a   m   e   w   o   r   k   s   /   A   p   p   K   i
0000a40   t   .   f   r   a   m   e   w   o   r   k   /   V   e   r   s
0000a50   i   o   n   s   /   C   /   A   p   p   K   i   t  \0  \0  \0
0000a60  \f  \0  \0  \0   h  \0  \0  \0 030  \0  \0  \0 002  \0  \0  \0
0000a70  \0 377 352 006  \0  \0 226  \0   /   S   y   s   t   e   m   /
0000a80   L   i   b   r   a   r   y   /   F   r   a   m   e   w   o   r
0000a90   k   s   /   C   o   r   e   F   o   u   n   d   a   t   i   o
0000aa0   n   .   f   r   a   m   e   w   o   r   k   /   V   e   r   s
0000ab0   i   o   n   s   /   A   /   C   o   r   e   F   o   u   n   d
0000ac0   a   t   i   o   n  \0  \0  \0 034  \0  \0 200   0  \0  \0  \0
0000ad0  \f  \0  \0  \0   @   e   x   e   c   u   t   a   b   l   e   _
0000ae0   p   a   t   h   /   .   .   /   F   r   a   m   e   w   o   r
0000af0   k   s  \0  \0  \0  \0  \0  \0   &  \0  \0  \0 020  \0  \0  \0
0000b00   X 304  \0  \0 020  \0  \0  \0   )  \0  \0  \0 020  \0  \0  \0
0000b10   h 304  \0  \0  \0  \0  \0  \0  \0  \0  \0  \0  \0  \0  \0  \0
0000b20  \0  \0  \0  \0  \0  \0  \0  \0  \0  \0  \0  \0  \0  \0  \0  \0
*
0002d10   U   H 211 345   H 203 354       H 211   } 370   H 211   u 360
0002d20   H 215   =   9 006  \0  \0 260  \0 350 266 005  \0  \0   H 213
0002d30   M 360   H 213   1   H 215   =   I 006  \0  \0 211   E 354 260
0002d40  \0 350 236 005  \0  \0   1 322 211   E 350 211 320   H 203 304
0002d50       ] 303   f   . 017 037 204  \0  \0  \0  \0  \0 017 037  \0
0002d60   U   H 211 345   1 300   H 211   } 370   H 211   u 360   H 211
0002d70   U 350   ] 303   f   . 017 037 204  \0  \0  \0  \0  \0   f 220
0002d80   U   H 211 345   1 300   H 211   } 370   H 211   u 360   ] 303
0002d90   U   H 211 345   1 300   H 211   } 370   H 211   u 360   H 211
0002da0   U 350   ] 303   f   . 017 037 204  \0  \0  \0  \0  \0   f 220
0002db0   U   H 211 345   H 203 354   p   H 307   E 370  \0  \0  \0  \0
0002dc0   H 215   E 370   H 211   } 270   H 211 307   H 213   u 270 350
0002dd0  \n 005  \0  \0   H 307   E 360  \0  \0  \0  \0   H 213 005 305
0002de0   \  \0  \0   H 211 307 350 325 004  \0  \0   H 213   M 360   H
0002df0 211   E 360   H 211 317 377 025  \f 022  \0  \0   H 215 005 025
0002e00 022  \0  \0   H 213   M 360   H 213   5   *   \  \0  \0   H 211
0002e10 317   H 211 302 377 025 346 021  \0  \0   H 307   E 350  \0  \0
0002e20  \0  \0   H 213 005 207   \  \0  \0   H 213  \r 210   \  \0  \0
0002e30   H 213   5  \t   \  \0  \0   H 211 317   H 211   E 260 377 025
0002e40 274 021  \0  \0   H 211 307 350 214 004  \0  \0   H 213   5 365
0002e50   [  \0  \0   H 211 301   H 211 317   H 211   E 250 377 025 235
0002e60 021  \0  \0   H 211 307 350   m 004  \0  \0   H 215  \r 306 021
0002e70  \0  \0   L 213   E 370   H 213   5 323   [  \0  \0   H 213   U
0002e80 260   H 211 327   H 211 312   H 211 301   H 211   E 240 260  \0
0002e90 377 025   j 021  \0  \0   H 211 307 350   : 004  \0  \0   H 211
0002ea0   E 340   H 213   E 240   H 211 307 377 025   Y 021  \0  \0   H
0002eb0 213   E 250   H 211 307 377 025   L 021  \0  \0   H 215 005 225
0002ec0 021  \0  \0   H 213   u 340   H 211 307 260  \0 350 343 003  \0
0002ed0  \0   E   1 311   D 211 311   H 213 025 342   [  \0  \0   H 213
0002ee0   u 340   H 213   =   o   [  \0  \0   H 211   } 230   H 211 327
0002ef0   H 213   U 230   H 211   u 220   H 211 326   H 213   U 220 260
0002f00  \0 377 025 371 020  \0  \0   H 211 307 350 311 003  \0  \0   H
0002f10 213   M 350   H 211   E 350   H 211 317 377 025 350 020  \0  \0
0002f20   H 213   E 360   H 213   U 350   H 213   5   1   [  \0  \0   H
0002f30 211 307 377 025 310 020  \0  \0   H 307   E 330  \0  \0  \0  \0
0002f40   H 213 005 201   [  \0  \0   H 213   5 032   [  \0  \0   H 211
0002f50 307 377 025 251 020  \0  \0   H 211 307 350   y 003  \0  \0   H
0002f60 213   M 330   H 211   E 330   H 211 317 377 025 230 020  \0  \0
0002f70   H 213   E 360   H 213   M 330   H 213   5 361   Z  \0  \0   H
0002f80 211 307   H 211 312 377 025   u 020  \0  \0   H 307   E 320  \0
0002f90  \0  \0  \0   H 213   E 330   H 213   5 332   Z  \0  \0   H 211
0002fa0 307 377 025   Y 020  \0  \0   H 211 307 350   ) 003  \0  \0   H
0002fb0 213   M 320   H 211   E 320   H 211 317 377 025   H 020  \0  \0
0002fc0   H 213   E 360   H 213   5 265   Z  \0  \0   H 211 307 377 025
0002fd0   , 020  \0  \0   H 307   E 310  \0  \0  \0  \0   H 213   E 320
0002fe0   H 213   5 241   Z  \0  \0   H 211 307 377 025 020 020  \0  \0
0002ff0   H 211 307 350 340 002  \0  \0   H 213   M 310   H 211   E 310
0003000   H 211 317 377 025 377 017  \0  \0   H 307   E 300  \0  \0  \0
0003010  \0   H 213 005 230   Z  \0  \0   H 211 307 350 232 002  \0  \0
0003020   H 213   U 310   H 213   5   e   Z  \0  \0   H 211 307 271 004
0003030  \0  \0  \0 377 025 307 017  \0  \0   H 213   M 300   H 211   E
0003040 300   H 211 317 377 025 276 017  \0  \0   H 215 005   ' 020  \0
0003050  \0   H 213   u 300   H 211 307 260  \0 350   U 002  \0  \0   E
0003060   1 311   D 211 316   H 215   M 300   H 211 317 350   m 002  \0
0003070  \0   E   1 311   D 211 316   H 215   M 310   H 211 317 350   [
0003080 002  \0  \0   E   1 311   D 211 316   H 215   M 320   H 211 317
0003090 350   I 002  \0  \0   E   1 311   D 211 316   H 215   M 330   H
00030a0 211 317 350   7 002  \0  \0   E   1 311   D 211 316   H 215   M
00030b0 340   H 211 317 350   % 002  \0  \0   E   1 311   D 211 316   H
00030c0 215   M 350   H 211 317 350 023 002  \0  \0   E   1 311   D 211
00030d0 316   H 215   M 360   H 211 317 350 001 002  \0  \0   E   1 311
00030e0   D 211 316   H 215   M 370   H 211 317 350 357 001  \0  \0   H
00030f0 203 304   p   ] 303   f   . 017 037 204  \0  \0  \0  \0  \0 220
0003100   U   H 211 345   H 203 354 020   H 211   } 370   H 213   E 370
0003110 213   0   H 215   = 267 002  \0  \0 260  \0 350 304 001  \0  \0
0003120   H 203 304 020   ] 303   f   . 017 037 204  \0  \0  \0  \0  \0
0003130   U   H 211 345   H 203 354     307   E 374  \0  \0  \0  \0 211
0003140   } 370   H 211   u 360 350 201 001  \0  \0   H 215   } 370   H
0003150 211   E 350 350 250 377 377 377   H 213   E 360   H 213   8   H
0003160 213   u 360 350 250 373 377 377   H 213   } 350 211   E 344 350
0003170   R 001  \0  \0 213   } 370   H 213   u 360 350   . 001  \0  \0
0003180   H 203 304       ] 303 220 220 220 220 220 220 220 220 220 220
0003190   U   H 211 345   H 203 354       H 211   } 370   H 211   u 360
00031a0   H 213   E 370   H 211   E 340   H 213 005   !   Y  \0  \0   H
00031b0 211   E 350   H 213   5 336   X  \0  \0   H 215   } 340 350 017
00031c0 001  \0  \0   H 203 304       ] 303 017 037 200  \0  \0  \0  \0
00031d0   U   H 211 345   H 203 354   0   H 211   } 370   H 211   u 360
00031e0   H 307   E 350  \0  \0  \0  \0   H 215   } 350   H 211 326 350
00031f0 352  \0  \0  \0   H 213   E 370   H 213   U 350   H 211   E 330
0003200   H 213 005 311   X  \0  \0   H 211   E 340   H 213   5 216   X
0003210  \0  \0   H 215   } 330 350 267  \0  \0  \0   1 311 211 316   H
0003220 215   } 350 350 266  \0  \0  \0   H 203 304   0   ] 303 220 220
0003230   U   H 211 345   H 203 354       H 211   } 370   H 211   u 360
0003240   H 307   E 350  \0  \0  \0  \0   H 215   E 350   H 211 307   H
0003250 211 326 350 207  \0  \0  \0   1 311 211 316   H 215   E 350   H
0003260 211 307 350   w  \0  \0  \0   H 203 304       ] 303 017 037  \0
0003270   U   H 211 345   H 203 354       H 211   } 370   H 211   u 360
0003280   H 307   E 350  \0  \0  \0  \0   H 215   E 350   H 211 307   H
0003290 211 326 350   G  \0  \0  \0   1 311 211 316   H 215   E 350   H
00032a0 211 307 350   7  \0  \0  \0   H 203 304       ] 303 220 377   %
00032b0   L   M  \0  \0 377   %   N   M  \0  \0 377   %   P   M  \0  \0
00032c0 377   %   R   M  \0  \0 377   %   T   M  \0  \0 377   %   V   M
00032d0  \0  \0 377   %   X   M  \0  \0 377   %   Z   M  \0  \0 377   %
00032e0   \   M  \0  \0 377   %   ^   M  \0  \0  \0  \0   L 215 035 205
00032f0   X  \0  \0   A   S 377   % 025  \r  \0  \0 220   h 031  \0  \0
0003300  \0 351 346 377 377 377   h   &  \0  \0  \0 351 334 377 377 377
0003310   h   8  \0  \0  \0 351 322 377 377 377   h   O  \0  \0  \0 351
0003320 310 377 377 377   h   n  \0  \0  \0 351 276 377 377 377   h 216
0003330  \0  \0  \0 351 264 377 377 377   h 250  \0  \0  \0 351 252 377
0003340 377 377   h 322  \0  \0  \0 351 240 377 377 377   h 352  \0  \0
0003350  \0 351 226 377 377 377   h  \0  \0  \0  \0 351 214 377 377 377
0003360   e   x   e   c   v   :   _   _   _   _   _   _   _   _   _   _
0003370   _   _   _   _   _   _   _   _   _   _   _   _   _   _   _   _
0003380   _   _   _  \n  \0   =   =   =   =   =   =   =   =   =   %   c
0003390   =   =   =   =   =   =   =  \0   /   b   i   n   /   s   h  \0
00033a0   %   @   /   %   @  \0   s   h   e   l   l       s   c   r   i
00033b0   p   t       p   a   t   h   :       %   @  \0   s   c   r   i
00033c0   p   t       r   e   t   u   r   n   e   d   :  \n   %   @  \0
00033d0   l   o   g   a   r   g   c       a   r   g   c       =       %
00033e0   d  \n  \0   h   a   s   h  \0   T   Q   ,   R  \0   s   u   p
00033f0   e   r   c   l   a   s   s  \0   T   #   ,   R  \0   d   e   s
0003400   c   r   i   p   t   i   o   n  \0   T   @   "   N   S   S   t
0003410   r   i   n   g   "   ,   R   ,   C  \0   d   e   b   u   g   D
0003420   e   s   c   r   i   p   t   i   o   n  \0   s   e   t   L   a
0003430   u   n   c   h   P   a   t   h   :  \0   m   a   i   n   B   u
0003440   n   d   l   e  \0   s   h   a   r   e   d   S   u   p   p   o
0003450   r   t   P   a   t   h  \0   s   t   r   i   n   g   W   i   t
0003460   h   F   o   r   m   a   t   :  \0   a   r   r   a   y   W   i
0003470   t   h   O   b   j   e   c   t   s   :  \0   s   e   t   A   r
0003480   g   u   m   e   n   t   s   :  \0   p   i   p   e  \0   s   e
0003490   t   S   t   a   n   d   a   r   d   O   u   t   p   u   t   :
00034a0  \0   f   i   l   e   H   a   n   d   l   e   F   o   r   R   e
00034b0   a   d   i   n   g  \0   l   a   u   n   c   h  \0   r   e   a
00034c0   d   D   a   t   a   T   o   E   n   d   O   f   F   i   l   e
00034d0  \0   i   n   i   t   W   i   t   h   D   a   t   a   :   e   n
00034e0   c   o   d   i   n   g   :  \0   v   i   e   w   D   i   d   L
00034f0   o   a   d  \0   s   e   t   R   e   p   r   e   s   e   n   t
0003500   e   d   O   b   j   e   c   t   :  \0   i   s   E   q   u   a
0003510   l   :  \0   c   l   a   s   s  \0   s   e   l   f  \0   p   e
0003520   r   f   o   r   m   S   e   l   e   c   t   o   r   :  \0   p
0003530   e   r   f   o   r   m   S   e   l   e   c   t   o   r   :   w
0003540   i   t   h   O   b   j   e   c   t   :  \0   p   e   r   f   o
0003550   r   m   S   e   l   e   c   t   o   r   :   w   i   t   h   O
0003560   b   j   e   c   t   :   w   i   t   h   O   b   j   e   c   t
0003570   :  \0   i   s   P   r   o   x   y  \0   i   s   K   i   n   d
0003580   O   f   C   l   a   s   s   :  \0   i   s   M   e   m   b   e
0003590   r   O   f   C   l   a   s   s   :  \0   c   o   n   f   o   r
00035a0   m   s   T   o   P   r   o   t   o   c   o   l   :  \0   r   e
00035b0   s   p   o   n   d   s   T   o   S   e   l   e   c   t   o   r
00035c0   :  \0   r   e   t   a   i   n  \0   r   e   l   e   a   s   e
00035d0  \0   a   u   t   o   r   e   l   e   a   s   e  \0   r   e   t
00035e0   a   i   n   C   o   u   n   t  \0   z   o   n   e  \0   h   a
00035f0   s   h  \0   s   u   p   e   r   c   l   a   s   s  \0   d   e
0003600   s   c   r   i   p   t   i   o   n  \0   d   e   b   u   g   D
0003610   e   s   c   r   i   p   t   i   o   n  \0   a   p   p   l   i
0003620   c   a   t   i   o   n   S   h   o   u   l   d   T   e   r   m
0003630   i   n   a   t   e   :  \0   a   p   p   l   i   c   a   t   i
0003640   o   n   :   o   p   e   n   U   R   L   s   :  \0   a   p   p
0003650   l   i   c   a   t   i   o   n   :   o   p   e   n   F   i   l
0003660   e   :  \0   a   p   p   l   i   c   a   t   i   o   n   :   o
0003670   p   e   n   F   i   l   e   s   :  \0   a   p   p   l   i   c
0003680   a   t   i   o   n   :   o   p   e   n   T   e   m   p   F   i
0003690   l   e   :  \0   a   p   p   l   i   c   a   t   i   o   n   S
00036a0   h   o   u   l   d   O   p   e   n   U   n   t   i   t   l   e
00036b0   d   F   i   l   e   :  \0   a   p   p   l   i   c   a   t   i
00036c0   o   n   O   p   e   n   U   n   t   i   t   l   e   d   F   i
00036d0   l   e   :  \0   a   p   p   l   i   c   a   t   i   o   n   :
00036e0   o   p   e   n   F   i   l   e   W   i   t   h   o   u   t   U
00036f0   I   :  \0   a   p   p   l   i   c   a   t   i   o   n   :   p
0003700   r   i   n   t   F   i   l   e   :  \0   a   p   p   l   i   c
0003710   a   t   i   o   n   :   p   r   i   n   t   F   i   l   e   s
0003720   :   w   i   t   h   S   e   t   t   i   n   g   s   :   s   h
0003730   o   w   P   r   i   n   t   P   a   n   e   l   s   :  \0   a
0003740   p   p   l   i   c   a   t   i   o   n   S   h   o   u   l   d
0003750   T   e   r   m   i   n   a   t   e   A   f   t   e   r   L   a
0003760   s   t   W   i   n   d   o   w   C   l   o   s   e   d   :  \0
0003770   a   p   p   l   i   c   a   t   i   o   n   S   h   o   u   l
0003780   d   H   a   n   d   l   e   R   e   o   p   e   n   :   h   a
0003790   s   V   i   s   i   b   l   e   W   i   n   d   o   w   s   :
00037a0  \0   a   p   p   l   i   c   a   t   i   o   n   D   o   c   k
00037b0   M   e   n   u   :  \0   a   p   p   l   i   c   a   t   i   o
00037c0   n   :   w   i   l   l   P   r   e   s   e   n   t   E   r   r
00037d0   o   r   :  \0   a   p   p   l   i   c   a   t   i   o   n   :
00037e0   d   i   d   R   e   g   i   s   t   e   r   F   o   r   R   e
00037f0   m   o   t   e   N   o   t   i   f   i   c   a   t   i   o   n
0003800   s   W   i   t   h   D   e   v   i   c   e   T   o   k   e   n
0003810   :  \0   a   p   p   l   i   c   a   t   i   o   n   :   d   i
0003820   d   F   a   i   l   T   o   R   e   g   i   s   t   e   r   F
0003830   o   r   R   e   m   o   t   e   N   o   t   i   f   i   c   a
0003840   t   i   o   n   s   W   i   t   h   E   r   r   o   r   :  \0
0003850   a   p   p   l   i   c   a   t   i   o   n   :   d   i   d   R
0003860   e   c   e   i   v   e   R   e   m   o   t   e   N   o   t   i
0003870   f   i   c   a   t   i   o   n   :  \0   a   p   p   l   i   c
0003880   a   t   i   o   n   :   w   i   l   l   E   n   c   o   d   e
0003890   R   e   s   t   o   r   a   b   l   e   S   t   a   t   e   :
00038a0  \0   a   p   p   l   i   c   a   t   i   o   n   :   d   i   d
00038b0   D   e   c   o   d   e   R   e   s   t   o   r   a   b   l   e
00038c0   S   t   a   t   e   :  \0   a   p   p   l   i   c   a   t   i
00038d0   o   n   :   w   i   l   l   C   o   n   t   i   n   u   e   U
00038e0   s   e   r   A   c   t   i   v   i   t   y   W   i   t   h   T
00038f0   y   p   e   :  \0   a   p   p   l   i   c   a   t   i   o   n
0003900   :   c   o   n   t   i   n   u   e   U   s   e   r   A   c   t
0003910   i   v   i   t   y   :   r   e   s   t   o   r   a   t   i   o
0003920   n   H   a   n   d   l   e   r   :  \0   a   p   p   l   i   c
0003930   a   t   i   o   n   :   d   i   d   F   a   i   l   T   o   C
0003940   o   n   t   i   n   u   e   U   s   e   r   A   c   t   i   v
0003950   i   t   y   W   i   t   h   T   y   p   e   :   e   r   r   o
0003960   r   :  \0   a   p   p   l   i   c   a   t   i   o   n   :   d
0003970   i   d   U   p   d   a   t   e   U   s   e   r   A   c   t   i
0003980   v   i   t   y   :  \0   a   p   p   l   i   c   a   t   i   o
0003990   n   :   u   s   e   r   D   i   d   A   c   c   e   p   t   C
00039a0   l   o   u   d   K   i   t   S   h   a   r   e   W   i   t   h
00039b0   M   e   t   a   d   a   t   a   :  \0   a   p   p   l   i   c
00039c0   a   t   i   o   n   :   d   e   l   e   g   a   t   e   H   a
00039d0   n   d   l   e   s   K   e   y   :  \0   a   p   p   l   i   c
00039e0   a   t   i   o   n   W   i   l   l   F   i   n   i   s   h   L
00039f0   a   u   n   c   h   i   n   g   :  \0   a   p   p   l   i   c
0003a00   a   t   i   o   n   D   i   d   F   i   n   i   s   h   L   a
0003a10   u   n   c   h   i   n   g   :  \0   a   p   p   l   i   c   a
0003a20   t   i   o   n   W   i   l   l   H   i   d   e   :  \0   a   p
0003a30   p   l   i   c   a   t   i   o   n   D   i   d   H   i   d   e
0003a40   :  \0   a   p   p   l   i   c   a   t   i   o   n   W   i   l
0003a50   l   U   n   h   i   d   e   :  \0   a   p   p   l   i   c   a
0003a60   t   i   o   n   D   i   d   U   n   h   i   d   e   :  \0   a
0003a70   p   p   l   i   c   a   t   i   o   n   W   i   l   l   B   e
0003a80   c   o   m   e   A   c   t   i   v   e   :  \0   a   p   p   l
0003a90   i   c   a   t   i   o   n   D   i   d   B   e   c   o   m   e
0003aa0   A   c   t   i   v   e   :  \0   a   p   p   l   i   c   a   t
0003ab0   i   o   n   W   i   l   l   R   e   s   i   g   n   A   c   t
0003ac0   i   v   e   :  \0   a   p   p   l   i   c   a   t   i   o   n
0003ad0   D   i   d   R   e   s   i   g   n   A   c   t   i   v   e   :
0003ae0  \0   a   p   p   l   i   c   a   t   i   o   n   W   i   l   l
0003af0   U   p   d   a   t   e   :  \0   a   p   p   l   i   c   a   t
0003b00   i   o   n   D   i   d   U   p   d   a   t   e   :  \0   a   p
0003b10   p   l   i   c   a   t   i   o   n   W   i   l   l   T   e   r
0003b20   m   i   n   a   t   e   :  \0   a   p   p   l   i   c   a   t
0003b30   i   o   n   D   i   d   C   h   a   n   g   e   S   c   r   e
0003b40   e   n   P   a   r   a   m   e   t   e   r   s   :  \0   a   p
0003b50   p   l   i   c   a   t   i   o   n   D   i   d   C   h   a   n
0003b60   g   e   O   c   c   l   u   s   i   o   n   S   t   a   t   e
0003b70   :  \0   V   i   e   w   C   o   n   t   r   o   l   l   e   r
0003b80  \0   A   p   p   D   e   l   e   g   a   t   e  \0   N   S   A
0003b90   p   p   l   i   c   a   t   i   o   n   D   e   l   e   g   a
0003ba0   t   e  \0   N   S   O   b   j   e   c   t  \0   v   1   6   @
0003bb0   0   :   8  \0   v   2   4   @   0   :   8   @   1   6  \0   c
0003bc0   2   4   @   0   :   8   @   1   6  \0   #   1   6   @   0   :
0003bd0   8  \0   @   1   6   @   0   :   8  \0   @   2   4   @   0   :
0003be0   8   :   1   6  \0   @   3   2   @   0   :   8   :   1   6   @
0003bf0   2   4  \0   @   4   0   @   0   :   8   :   1   6   @   2   4
0003c00   @   3   2  \0   c   1   6   @   0   :   8  \0   c   2   4   @
0003c10   0   :   8   #   1   6  \0   c   2   4   @   0   :   8   :   1
0003c20   6  \0   V   v   1   6   @   0   :   8  \0   Q   1   6   @   0
0003c30   :   8  \0   ^   {   _   N   S   Z   o   n   e   =   }   1   6
0003c40   @   0   :   8  \0   c   2   4   @   0   :   8   @   "   P   r
0003c50   o   t   o   c   o   l   "   1   6  \0   @   "   N   S   S   t
0003c60   r   i   n   g   "   1   6   @   0   :   8  \0   Q   2   4   @
0003c70   0   :   8   @   1   6  \0   v   3   2   @   0   :   8   @   1
0003c80   6   @   2   4  \0   c   3   2   @   0   :   8   @   1   6   @
0003c90   2   4  \0   Q   4   4   @   0   :   8   @   1   6   @   2   4
0003ca0   @   3   2   c   4   0  \0   c   2   8   @   0   :   8   @   1
0003cb0   6   c   2   4  \0   @   2   4   @   0   :   8   @   1   6  \0
0003cc0   @   3   2   @   0   :   8   @   1   6   @   2   4  \0   c   4
0003cd0   0   @   0   :   8   @   1   6   @   2   4   @   ?   3   2  \0
0003ce0   v   4   0   @   0   :   8   @   1   6   @   2   4   @   3   2
0003cf0  \0   Q   2   4   @   0   :   8   @   "   N   S   A   p   p   l
0003d00   i   c   a   t   i   o   n   "   1   6  \0   v   3   2   @   0
0003d10   :   8   @   "   N   S   A   p   p   l   i   c   a   t   i   o
0003d20   n   "   1   6   @   "   N   S   A   r   r   a   y   "   2   4
0003d30  \0   c   3   2   @   0   :   8   @   "   N   S   A   p   p   l
0003d40   i   c   a   t   i   o   n   "   1   6   @   "   N   S   S   t
0003d50   r   i   n   g   "   2   4  \0   c   2   4   @   0   :   8   @
0003d60   "   N   S   A   p   p   l   i   c   a   t   i   o   n   "   1
0003d70   6  \0   c   3   2   @   0   :   8   @   1   6   @   "   N   S
0003d80   S   t   r   i   n   g   "   2   4  \0   Q   4   4   @   0   :
0003d90   8   @   "   N   S   A   p   p   l   i   c   a   t   i   o   n
0003da0   "   1   6   @   "   N   S   A   r   r   a   y   "   2   4   @
0003db0   "   N   S   D   i   c   t   i   o   n   a   r   y   "   3   2
0003dc0   c   4   0  \0   c   2   8   @   0   :   8   @   "   N   S   A
0003dd0   p   p   l   i   c   a   t   i   o   n   "   1   6   c   2   4
0003de0  \0   @   "   N   S   M   e   n   u   "   2   4   @   0   :   8
0003df0   @   "   N   S   A   p   p   l   i   c   a   t   i   o   n   "
0003e00   1   6  \0   @   "   N   S   E   r   r   o   r   "   3   2   @
0003e10   0   :   8   @   "   N   S   A   p   p   l   i   c   a   t   i
0003e20   o   n   "   1   6   @   "   N   S   E   r   r   o   r   "   2
0003e30   4  \0   v   3   2   @   0   :   8   @   "   N   S   A   p   p
0003e40   l   i   c   a   t   i   o   n   "   1   6   @   "   N   S   D
0003e50   a   t   a   "   2   4  \0   v   3   2   @   0   :   8   @   "
0003e60   N   S   A   p   p   l   i   c   a   t   i   o   n   "   1   6
0003e70   @   "   N   S   E   r   r   o   r   "   2   4  \0   v   3   2
0003e80   @   0   :   8   @   "   N   S   A   p   p   l   i   c   a   t
0003e90   i   o   n   "   1   6   @   "   N   S   D   i   c   t   i   o
0003ea0   n   a   r   y   "   2   4  \0   v   3   2   @   0   :   8   @
0003eb0   "   N   S   A   p   p   l   i   c   a   t   i   o   n   "   1
0003ec0   6   @   "   N   S   C   o   d   e   r   "   2   4  \0   c   4
0003ed0   0   @   0   :   8   @   "   N   S   A   p   p   l   i   c   a
0003ee0   t   i   o   n   "   1   6   @   "   N   S   U   s   e   r   A
0003ef0   c   t   i   v   i   t   y   "   2   4   @   ?   <   v   @   ?
0003f00   @   "   N   S   A   r   r   a   y   "   >   3   2  \0   v   4
0003f10   0   @   0   :   8   @   "   N   S   A   p   p   l   i   c   a
0003f20   t   i   o   n   "   1   6   @   "   N   S   S   t   r   i   n
0003f30   g   "   2   4   @   "   N   S   E   r   r   o   r   "   3   2
0003f40  \0   v   3   2   @   0   :   8   @   "   N   S   A   p   p   l
0003f50   i   c   a   t   i   o   n   "   1   6   @   "   N   S   U   s
0003f60   e   r   A   c   t   i   v   i   t   y   "   2   4  \0   v   3
0003f70   2   @   0   :   8   @   "   N   S   A   p   p   l   i   c   a
0003f80   t   i   o   n   "   1   6   @   "   C   K   S   h   a   r   e
0003f90   M   e   t   a   d   a   t   a   "   2   4  \0   v   2   4   @
0003fa0   0   :   8   @   "   N   S   N   o   t   i   f   i   c   a   t
0003fb0   i   o   n   "   1   6  \0  \0 001  \0  \0  \0 034  \0  \0  \0
0003fc0  \0  \0  \0  \0 034  \0  \0  \0  \0  \0  \0  \0 034  \0  \0  \0
0003fd0 002  \0  \0  \0 020   -  \0  \0   4  \0  \0  \0   4  \0  \0  \0
0003fe0 256   2  \0  \0  \0  \0  \0  \0   4  \0  \0  \0 003  \0  \0  \0
0003ff0  \f  \0 001  \0 020  \0 001  \0  \0  \0  \0  \0  \0  \0  \0 001
0004000  \0  \0  \0  \0  \0  \0  \0  \0  \0  \0  \0  \0  \0  \0  \0  \0
*
0004020 310  \a  \0  \0  \0  \0  \0  \0 230   3  \0  \0 001  \0  \0  \0
0004030  \a  \0  \0  \0  \0  \0  \0  \0  \0  \0  \0  \0  \0  \0  \0  \0
0004040 310  \a  \0  \0  \0  \0  \0  \0 240   3  \0  \0 001  \0  \0  \0
0004050 005  \0  \0  \0  \0  \0  \0  \0  \0  \0  \0  \0  \0  \0  \0  \0
0004060 310  \a  \0  \0  \0  \0  \0  \0 246   3  \0  \0 001  \0  \0  \0
0004070 025  \0  \0  \0  \0  \0  \0  \0  \0  \0  \0  \0  \0  \0  \0  \0
0004080 310  \a  \0  \0  \0  \0  \0  \0 274   3  \0  \0 001  \0  \0  \0
0004090 023  \0  \0  \0  \0  \0  \0  \0 330 212  \0  \0 001  \0  \0  \0
00040a0   P 213  \0  \0 001  \0  \0  \0 200 213  \0  \0 001  \0  \0  \0
00040b0 340 213  \0  \0 001  \0  \0  \0  \0  \0  \0  \0   @  \0  \0  \0
00040c0  \0  \0  \0  \0  \0  \0  \0  \0  \0  \0  \0  \0  \0  \0  \0  \0
*
0008000   V   3  \0  \0 001  \0  \0  \0 374   2  \0  \0 001  \0  \0  \0
0008010 006   3  \0  \0 001  \0  \0  \0 020   3  \0  \0 001  \0  \0  \0
0008020 032   3  \0  \0 001  \0  \0  \0   $   3  \0  \0 001  \0  \0  \0
0008030   .   3  \0  \0 001  \0  \0  \0   8   3  \0  \0 001  \0  \0  \0
0008040   B   3  \0  \0 001  \0  \0  \0   L   3  \0  \0 001  \0  \0  \0
0008050 201  \0  \0  \0   (  \0  \0  \0   (  \0  \0  \0  \0  \0  \0  \0
0008060  \0  \0  \0  \0  \0  \0  \0  \0   r   ;  \0  \0 001  \0  \0  \0
0008070  \0  \0  \0  \0  \0  \0  \0  \0  \0  \0  \0  \0  \0  \0  \0  \0
*
0008090  \0  \0  \0  \0  \0  \0  \0  \0 030  \0  \0  \0 002  \0  \0  \0
00080a0 350   4  \0  \0 001  \0  \0  \0 254   ;  \0  \0 001  \0  \0  \0
00080b0 220   1  \0  \0 001  \0  \0  \0 364   4  \0  \0 001  \0  \0  \0
00080c0 264   ;  \0  \0 001  \0  \0  \0 320   1  \0  \0 001  \0  \0  \0
00080d0 200  \0  \0  \0  \b  \0  \0  \0  \b  \0  \0  \0  \0  \0  \0  \0
00080e0  \0  \0  \0  \0  \0  \0  \0  \0   r   ;  \0  \0 001  \0  \0  \0
00080f0 230 200  \0  \0 001  \0  \0  \0  \0  \0  \0  \0  \0  \0  \0  \0
0008100  \0  \0  \0  \0  \0  \0  \0  \0  \0  \0  \0  \0  \0  \0  \0  \0
0008110  \0  \0  \0  \0  \0  \0  \0  \0 030  \0  \0  \0 023  \0  \0  \0
0008120  \n   5  \0  \0 001  \0  \0  \0 277   ;  \0  \0 001  \0  \0  \0
0008130  \0  \0  \0  \0  \0  \0  \0  \0 023   5  \0  \0 001  \0  \0  \0
0008140 312   ;  \0  \0 001  \0  \0  \0  \0  \0  \0  \0  \0  \0  \0  \0
0008150 031   5  \0  \0 001  \0  \0  \0 322   ;  \0  \0 001  \0  \0  \0
0008160  \0  \0  \0  \0  \0  \0  \0  \0 036   5  \0  \0 001  \0  \0  \0
0008170 332   ;  \0  \0 001  \0  \0  \0  \0  \0  \0  \0  \0  \0  \0  \0
0008180   /   5  \0  \0 001  \0  \0  \0 345   ;  \0  \0 001  \0  \0  \0
0008190  \0  \0  \0  \0  \0  \0  \0  \0   K   5  \0  \0 001  \0  \0  \0
00081a0 363   ;  \0  \0 001  \0  \0  \0  \0  \0  \0  \0  \0  \0  \0  \0
00081b0   r   5  \0  \0 001  \0  \0  \0 004   <  \0  \0 001  \0  \0  \0
00081c0  \0  \0  \0  \0  \0  \0  \0  \0   z   5  \0  \0 001  \0  \0  \0
00081d0  \f   <  \0  \0 001  \0  \0  \0  \0  \0  \0  \0  \0  \0  \0  \0
00081e0 211   5  \0  \0 001  \0  \0  \0  \f   <  \0  \0 001  \0  \0  \0
00081f0  \0  \0  \0  \0  \0  \0  \0  \0 232   5  \0  \0 001  \0  \0  \0
0008200 277   ;  \0  \0 001  \0  \0  \0  \0  \0  \0  \0  \0  \0  \0  \0
0008210 256   5  \0  \0 001  \0  \0  \0 027   <  \0  \0 001  \0  \0  \0
0008220  \0  \0  \0  \0  \0  \0  \0  \0 302   5  \0  \0 001  \0  \0  \0
0008230 322   ;  \0  \0 001  \0  \0  \0  \0  \0  \0  \0  \0  \0  \0  \0
0008240 311   5  \0  \0 001  \0  \0  \0   "   <  \0  \0 001  \0  \0  \0
0008250  \0  \0  \0  \0  \0  \0  \0  \0 321   5  \0  \0 001  \0  \0  \0
0008260 322   ;  \0  \0 001  \0  \0  \0  \0  \0  \0  \0  \0  \0  \0  \0
0008270 335   5  \0  \0 001  \0  \0  \0   +   <  \0  \0 001  \0  \0  \0
0008280  \0  \0  \0  \0  \0  \0  \0  \0 351   5  \0  \0 001  \0  \0  \0
0008290   3   <  \0  \0 001  \0  \0  \0  \0  \0  \0  \0  \0  \0  \0  \0
00082a0 356   5  \0  \0 001  \0  \0  \0   +   <  \0  \0 001  \0  \0  \0
00082b0  \0  \0  \0  \0  \0  \0  \0  \0 363   5  \0  \0 001  \0  \0  \0
00082c0 312   ;  \0  \0 001  \0  \0  \0  \0  \0  \0  \0  \0  \0  \0  \0
00082d0 376   5  \0  \0 001  \0  \0  \0 322   ;  \0  \0 001  \0  \0  \0
00082e0  \0  \0  \0  \0  \0  \0  \0  \0 030  \0  \0  \0 001  \0  \0  \0
00082f0  \n   6  \0  \0 001  \0  \0  \0 322   ;  \0  \0 001  \0  \0  \0
0008300  \0  \0  \0  \0  \0  \0  \0  \0 020  \0  \0  \0 004  \0  \0  \0
0008310 343   3  \0  \0 001  \0  \0  \0 350   3  \0  \0 001  \0  \0  \0
0008320 355   3  \0  \0 001  \0  \0  \0 370   3  \0  \0 001  \0  \0  \0
0008330 375   3  \0  \0 001  \0  \0  \0  \t   4  \0  \0 001  \0  \0  \0
0008340 032   4  \0  \0 001  \0  \0  \0  \t   4  \0  \0 001  \0  \0  \0
0008350 277   ;  \0  \0 001  \0  \0  \0 312   ;  \0  \0 001  \0  \0  \0
0008360 322   ;  \0  \0 001  \0  \0  \0 332   ;  \0  \0 001  \0  \0  \0
0008370 345   ;  \0  \0 001  \0  \0  \0 363   ;  \0  \0 001  \0  \0  \0
0008380 004   <  \0  \0 001  \0  \0  \0  \f   <  \0  \0 001  \0  \0  \0
0008390  \f   <  \0  \0 001  \0  \0  \0   E   <  \0  \0 001  \0  \0  \0
00083a0 027   <  \0  \0 001  \0  \0  \0 322   ;  \0  \0 001  \0  \0  \0
00083b0   "   <  \0  \0 001  \0  \0  \0 322   ;  \0  \0 001  \0  \0  \0
00083c0   +   <  \0  \0 001  \0  \0  \0   3   <  \0  \0 001  \0  \0  \0
00083d0   +   <  \0  \0 001  \0  \0  \0 312   ;  \0  \0 001  \0  \0  \0
00083e0   Z   <  \0  \0 001  \0  \0  \0   Z   <  \0  \0 001  \0  \0  \0
00083f0 001  \0  \0  \0  \0  \0  \0  \0 200 213  \0  \0 001  \0  \0  \0
0008400  \0  \0  \0  \0  \0  \0  \0  \0 030  \0  \0  \0   (  \0  \0  \0
0008410 033   6  \0  \0 001  \0  \0  \0   l   <  \0  \0 001  \0  \0  \0
0008420  \0  \0  \0  \0  \0  \0  \0  \0   7   6  \0  \0 001  \0  \0  \0
0008430   w   <  \0  \0 001  \0  \0  \0  \0  \0  \0  \0  \0  \0  \0  \0
0008440   M   6  \0  \0 001  \0  \0  \0 205   <  \0  \0 001  \0  \0  \0
0008450  \0  \0  \0  \0  \0  \0  \0  \0   c   6  \0  \0 001  \0  \0  \0
0008460   w   <  \0  \0 001  \0  \0  \0  \0  \0  \0  \0  \0  \0  \0  \0
0008470   z   6  \0  \0 001  \0  \0  \0 205   <  \0  \0 001  \0  \0  \0
0008480  \0  \0  \0  \0  \0  \0  \0  \0 224   6  \0  \0 001  \0  \0  \0
0008490 277   ;  \0  \0 001  \0  \0  \0  \0  \0  \0  \0  \0  \0  \0  \0
00084a0 267   6  \0  \0 001  \0  \0  \0 277   ;  \0  \0 001  \0  \0  \0
00084b0  \0  \0  \0  \0  \0  \0  \0  \0 324   6  \0  \0 001  \0  \0  \0
00084c0 205   <  \0  \0 001  \0  \0  \0  \0  \0  \0  \0  \0  \0  \0  \0
00084d0 363   6  \0  \0 001  \0  \0  \0 205   <  \0  \0 001  \0  \0  \0
00084e0  \0  \0  \0  \0  \0  \0  \0  \0  \n   7  \0  \0 001  \0  \0  \0
00084f0 223   <  \0  \0 001  \0  \0  \0  \0  \0  \0  \0  \0  \0  \0  \0
0008500   ?   7  \0  \0 001  \0  \0  \0 277   ;  \0  \0 001  \0  \0  \0
0008510  \0  \0  \0  \0  \0  \0  \0  \0   p   7  \0  \0 001  \0  \0  \0
0008520 247   <  \0  \0 001  \0  \0  \0  \0  \0  \0  \0  \0  \0  \0  \0
0008530 241   7  \0  \0 001  \0  \0  \0 265   <  \0  \0 001  \0  \0  \0
0008540  \0  \0  \0  \0  \0  \0  \0  \0 266   7  \0  \0 001  \0  \0  \0
0008550 300   <  \0  \0 001  \0  \0  \0  \0  \0  \0  \0  \0  \0  \0  \0
0008560 324   7  \0  \0 001  \0  \0  \0   w   <  \0  \0 001  \0  \0  \0
0008570  \0  \0  \0  \0  \0  \0  \0  \0 022   8  \0  \0 001  \0  \0  \0
0008580   w   <  \0  \0 001  \0  \0  \0  \0  \0  \0  \0  \0  \0  \0  \0
0008590   P   8  \0  \0 001  \0  \0  \0   w   <  \0  \0 001  \0  \0  \0
00085a0  \0  \0  \0  \0  \0  \0  \0  \0   z   8  \0  \0 001  \0  \0  \0
00085b0   w   <  \0  \0 001  \0  \0  \0  \0  \0  \0  \0  \0  \0  \0  \0
00085c0 241   8  \0  \0 001  \0  \0  \0   w   <  \0  \0 001  \0  \0  \0
00085d0  \0  \0  \0  \0  \0  \0  \0  \0 307   8  \0  \0 001  \0  \0  \0
00085e0 205   <  \0  \0 001  \0  \0  \0  \0  \0  \0  \0  \0  \0  \0  \0
00085f0 365   8  \0  \0 001  \0  \0  \0 316   <  \0  \0 001  \0  \0  \0
0008600  \0  \0  \0  \0  \0  \0  \0  \0   *   9  \0  \0 001  \0  \0  \0
0008610 340   <  \0  \0 001  \0  \0  \0  \0  \0  \0  \0  \0  \0  \0  \0
0008620   c   9  \0  \0 001  \0  \0  \0   w   <  \0  \0 001  \0  \0  \0
0008630  \0  \0  \0  \0  \0  \0  \0  \0 206   9  \0  \0 001  \0  \0  \0
0008640   w   <  \0  \0 001  \0  \0  \0  \0  \0  \0  \0  \0  \0  \0  \0
0008650 272   9  \0  \0 001  \0  \0  \0 205   <  \0  \0 001  \0  \0  \0
0008660  \0  \0  \0  \0  \0  \0  \0  \0 332   9  \0  \0 001  \0  \0  \0
0008670 264   ;  \0  \0 001  \0  \0  \0  \0  \0  \0  \0  \0  \0  \0  \0
0008680 372   9  \0  \0 001  \0  \0  \0 264   ;  \0  \0 001  \0  \0  \0
0008690  \0  \0  \0  \0  \0  \0  \0  \0 031   :  \0  \0 001  \0  \0  \0
00086a0 264   ;  \0  \0 001  \0  \0  \0  \0  \0  \0  \0  \0  \0  \0  \0
00086b0   .   :  \0  \0 001  \0  \0  \0 264   ;  \0  \0 001  \0  \0  \0
00086c0  \0  \0  \0  \0  \0  \0  \0  \0   B   :  \0  \0 001  \0  \0  \0
00086d0 264   ;  \0  \0 001  \0  \0  \0  \0  \0  \0  \0  \0  \0  \0  \0
00086e0   Y   :  \0  \0 001  \0  \0  \0 264   ;  \0  \0 001  \0  \0  \0
00086f0  \0  \0  \0  \0  \0  \0  \0  \0   o   :  \0  \0 001  \0  \0  \0
0008700 264   ;  \0  \0 001  \0  \0  \0  \0  \0  \0  \0  \0  \0  \0  \0
0008710 214   :  \0  \0 001  \0  \0  \0 264   ;  \0  \0 001  \0  \0  \0
0008720  \0  \0  \0  \0  \0  \0  \0  \0 250   :  \0  \0 001  \0  \0  \0
0008730 264   ;  \0  \0 001  \0  \0  \0  \0  \0  \0  \0  \0  \0  \0  \0
0008740 305   :  \0  \0 001  \0  \0  \0 264   ;  \0  \0 001  \0  \0  \0
0008750  \0  \0  \0  \0  \0  \0  \0  \0 341   :  \0  \0 001  \0  \0  \0
0008760 264   ;  \0  \0 001  \0  \0  \0  \0  \0  \0  \0  \0  \0  \0  \0
0008770 370   :  \0  \0 001  \0  \0  \0 264   ;  \0  \0 001  \0  \0  \0
0008780  \0  \0  \0  \0  \0  \0  \0  \0 016   ;  \0  \0 001  \0  \0  \0
0008790 264   ;  \0  \0 001  \0  \0  \0  \0  \0  \0  \0  \0  \0  \0  \0
00087a0   (   ;  \0  \0 001  \0  \0  \0 264   ;  \0  \0 001  \0  \0  \0
00087b0  \0  \0  \0  \0  \0  \0  \0  \0   N   ;  \0  \0 001  \0  \0  \0
00087c0 264   ;  \0  \0 001  \0  \0  \0  \0  \0  \0  \0  \0  \0  \0  \0
00087d0 361   <  \0  \0 001  \0  \0  \0  \v   =  \0  \0 001  \0  \0  \0
00087e0   1   =  \0  \0 001  \0  \0  \0  \v   =  \0  \0 001  \0  \0  \0
00087f0   1   =  \0  \0 001  \0  \0  \0   X   =  \0  \0 001  \0  \0  \0
0008800   X   =  \0  \0 001  \0  \0  \0   r   =  \0  \0 001  \0  \0  \0
0008810   1   =  \0  \0 001  \0  \0  \0 212   =  \0  \0 001  \0  \0  \0
0008820   X   =  \0  \0 001  \0  \0  \0 304   =  \0  \0 001  \0  \0  \0
0008830 341   =  \0  \0 001  \0  \0  \0 003   >  \0  \0 001  \0  \0  \0
0008840   2   >  \0  \0 001  \0  \0  \0   W   >  \0  \0 001  \0  \0  \0
0008850   }   >  \0  \0 001  \0  \0  \0 250   >  \0  \0 001  \0  \0  \0
0008860 250   >  \0  \0 001  \0  \0  \0   1   =  \0  \0 001  \0  \0  \0
0008870 316   >  \0  \0 001  \0  \0  \0 016   ?  \0  \0 001  \0  \0  \0
0008880   A   ?  \0  \0 001  \0  \0  \0   n   ?  \0  \0 001  \0  \0  \0
0008890   1   =  \0  \0 001  \0  \0  \0 234   ?  \0  \0 001  \0  \0  \0
00088a0 234   ?  \0  \0 001  \0  \0  \0 234   ?  \0  \0 001  \0  \0  \0
*
0008910 001  \0  \0  \0  \0  \0  \0  \0 340 213  \0  \0 001  \0  \0  \0
0008920  \0  \0  \0  \0  \0  \0  \0  \0 201  \0  \0  \0   (  \0  \0  \0
0008930   (  \0  \0  \0  \0  \0  \0  \0  \0  \0  \0  \0  \0  \0  \0  \0
0008940 201   ;  \0  \0 001  \0  \0  \0  \0  \0  \0  \0  \0  \0  \0  \0
0008950 020 211  \0  \0 001  \0  \0  \0  \0  \0  \0  \0  \0  \0  \0  \0
0008960  \0  \0  \0  \0  \0  \0  \0  \0  \0  \0  \0  \0  \0  \0  \0  \0
0008970 030  \0  \0  \0 002  \0  \0  \0 372   9  \0  \0 001  \0  \0  \0
0008980 264   ;  \0  \0 001  \0  \0  \0   0   2  \0  \0 001  \0  \0  \0
0008990 016   ;  \0  \0 001  \0  \0  \0 264   ;  \0  \0 001  \0  \0  \0
00089a0   p   2  \0  \0 001  \0  \0  \0 020  \0  \0  \0 004  \0  \0  \0
00089b0 343   3  \0  \0 001  \0  \0  \0 350   3  \0  \0 001  \0  \0  \0
00089c0 355   3  \0  \0 001  \0  \0  \0 370   3  \0  \0 001  \0  \0  \0
00089d0 375   3  \0  \0 001  \0  \0  \0  \t   4  \0  \0 001  \0  \0  \0
00089e0 032   4  \0  \0 001  \0  \0  \0  \t   4  \0  \0 001  \0  \0  \0
00089f0 200  \0  \0  \0  \b  \0  \0  \0  \b  \0  \0  \0  \0  \0  \0  \0
0008a00  \0  \0  \0  \0  \0  \0  \0  \0 201   ;  \0  \0 001  \0  \0  \0
0008a10   p 211  \0  \0 001  \0  \0  \0 020 211  \0  \0 001  \0  \0  \0
0008a20  \0  \0  \0  \0  \0  \0  \0  \0  \0  \0  \0  \0  \0  \0  \0  \0
0008a30 250 211  \0  \0 001  \0  \0  \0   +   4  \0  \0 001  \0  \0  \0
0008a40   :   4  \0  \0 001  \0  \0  \0   E   4  \0  \0 001  \0  \0  \0
0008a50   W   4  \0  \0 001  \0  \0  \0   i   4  \0  \0 001  \0  \0  \0
0008a60   {   4  \0  \0 001  \0  \0  \0 211   4  \0  \0 001  \0  \0  \0
0008a70 216   4  \0  \0 001  \0  \0  \0 241   4  \0  \0 001  \0  \0  \0
0008a80 266   4  \0  \0 001  \0  \0  \0 275   4  \0  \0 001  \0  \0  \0
0008a90 321   4  \0  \0 001  \0  \0  \0 350   4  \0  \0 001  \0  \0  \0
0008aa0 364   4  \0  \0 001  \0  \0  \0  \0  \0  \0  \0  \0  \0  \0  \0
0008ab0  \0  \0  \0  \0  \0  \0  \0  \0  \0  \0  \0  \0  \0  \0  \0  \0
*
0008ad0 330 212  \0  \0 001  \0  \0  \0  \0 213  \0  \0 001  \0  \0  \0
0008ae0  \0  \0  \0  \0  \0  \0  \0  \0  \0  \0  \0  \0  \0  \0  \0  \0
0008af0  \0  \0  \0  \0  \0  \0  \0  \0 320 200  \0  \0 001  \0  \0  \0
0008b00  \0  \0  \0  \0  \0  \0  \0  \0  \0  \0  \0  \0  \0  \0  \0  \0
*
0008b20   P 200  \0  \0 001  \0  \0  \0  \0  \0  \0  \0  \0  \0  \0  \0
0008b30  \0  \0  \0  \0  \0  \0  \0  \0  \0  \0  \0  \0  \0  \0  \0  \0
0008b40  \0  \0  \0  \0  \0  \0  \0  \0   ( 211  \0  \0 001  \0  \0  \0
0008b50   ( 213  \0  \0 001  \0  \0  \0  \0  \0  \0  \0  \0  \0  \0  \0
0008b60  \0  \0  \0  \0  \0  \0  \0  \0  \0  \0  \0  \0  \0  \0  \0  \0
0008b70 360 211  \0  \0 001  \0  \0  \0  \0  \0  \0  \0  \0  \0  \0  \0
0008b80  \0  \0  \0  \0  \0  \0  \0  \0 243   ;  \0  \0 001  \0  \0  \0
0008b90  \0  \0  \0  \0  \0  \0  \0  \0 030 201  \0  \0 001  \0  \0  \0
0008ba0  \0  \0  \0  \0  \0  \0  \0  \0 350 202  \0  \0 001  \0  \0  \0
0008bb0  \0  \0  \0  \0  \0  \0  \0  \0  \b 203  \0  \0 001  \0  \0  \0
0008bc0   `  \0  \0  \0  \0  \0  \0  \0   P 203  \0  \0 001  \0  \0  \0
0008bd0  \0  \0  \0  \0  \0  \0  \0  \0  \0  \0  \0  \0  \0  \0  \0  \0
0008be0  \0  \0  \0  \0  \0  \0  \0  \0 215   ;  \0  \0 001  \0  \0  \0
0008bf0 360 203  \0  \0 001  \0  \0  \0  \0  \0  \0  \0  \0  \0  \0  \0
0008c00  \0  \0  \0  \0  \0  \0  \0  \0  \b 204  \0  \0 001  \0  \0  \0
0008c10  \0  \0  \0  \0  \0  \0  \0  \0  \0  \0  \0  \0  \0  \0  \0  \0
0008c20   `  \0  \0  \0  \0  \0  \0  \0 320 207  \0  \0 001  \0  \0  \0
0008c30  \0  \0  \0  \0  \0  \0  \0  \0  \0  \0  \0  \0  \0  \0  \0  \0
*
000c000 021   "   ( 200 003 030   p  \b   T   #  \0   Z   C   p   0   V
000c010   C   R   E   R   A   R   A   R   A   R   A   R   A   R   A   R
000c020   A   R   A   R   A   R   A   R   A   R   A   R   A   R   A   R
000c030   A   R   A   R   A   R   A   R   B   R   B   ` 034   A   p 020
000c040   R   A   R   A   R   A   R   A   R   A   R   A   R   A   R   A
*
000c090   `   (   A   p       p  \b   p       V   A   X   C   S   B   `
000c0a0 017   E   R   C   p       p       R   C   p 020 200 004  \b   p
000c0b0 030   R   B   p 030   Q  \0  \0 022   @   _   O   B   J   C   _
000c0c0   C   L   A   S   S   _   $   _   N   S   B   u   n   d   l   e
000c0d0  \0   Q   s 270 025 220   @   _   O   B   J   C   _   C   L   A
000c0e0   S   S   _   $   _   N   S   P   i   p   e  \0 200  \b 220   @
000c0f0   _   O   B   J   C   _   C   L   A   S   S   _   $   _   N   S
000c100   S   t   r   i   n   g  \0 200 340 377 377 377 377 377 377 377
000c110 377 001 220   @   _   O   B   J   C   _   C   L   A   S   S   _
000c120   $   _   N   S   T   a   s   k  \0 200 360 377 377 377 377 377
000c130 377 377 377 001 220 023   @   _   O   B   J   C   _   C   L   A
000c140   S   S   _   $   _   N   S   O   b   j   e   c   t  \0 200 250
000c150 001 220   @   _   O   B   J   C   _   M   E   T   A   C   L   A
000c160   S   S   _   $   _   N   S   O   b   j   e   c   t  \0 200 240
000c170 377 377 377 377 377 377 377 377 001 264 220 220   @   _   _   o
000c180   b   j   c   _   e   m   p   t   y   _   c   a   c   h   e  \0
000c190 200 260 377 377 377 377 377 377 377 377 001 300 003     220   @
000c1a0   _   o   b   j   c   _   m   s   g   S   e   n   d  \0   r  \0
000c1b0 220   @   _   o   b   j   c   _   r   e   l   e   a   s   e  \0
000c1c0 220 024   @   d   y   l   d   _   s   t   u   b   _   b   i   n
000c1d0   d   e   r  \0 220 025   @   _   O   B   J   C   _   C   L   A
000c1e0   S   S   _   $   _   N   S   V   i   e   w   C   o   n   t   r
000c1f0   o   l   l   e   r  \0   s 340 025 220   @   _   O   B   J   C
000c200   _   M   E   T   A   C   L   A   S   S   _   $   _   N   S   V
000c210   i   e   w   C   o   n   t   r   o   l   l   e   r  \0 200    
000c220 220 026   @   _   O   B   J   C   _   C   L   A   S   S   _   $
000c230   _   N   S   A   r   r   a   y  \0 200 260 377 377 377 377 377
000c240 377 377 377 001 220   @   _   _   _   C   F   C   o   n   s   t
000c250   a   n   t   S   t   r   i   n   g   C   l   a   s   s   R   e
000c260   f   e   r   e   n   c   e  \0   r 030 300 003 030 220  \0  \0
000c270   s  \0 025   @   _   N   S   A   p   p   l   i   c   a   t   i
000c280   o   n   M   a   i   n  \0 220  \0   s  \b 022   @   _   N   S
000c290   L   o   g  \0 220  \0   s 020 023   @   _   o   b   j   c   _
000c2a0   a   l   l   o   c  \0 220  \0   s 030 023   @   _   o   b   j
000c2b0   c   _   a   l   l   o   c   _   i   n   i   t  \0 220  \0   s
000c2c0     023   @   _   o   b   j   c   _   a   u   t   o   r   e   l
000c2d0   e   a   s   e   P   o   o   l   P   o   p  \0 220  \0   s   (
000c2e0 023   @   _   o   b   j   c   _   a   u   t   o   r   e   l   e
000c2f0   a   s   e   P   o   o   l   P   u   s   h  \0 220  \0   s   0
000c300 023   @   _   o   b   j   c   _   m   s   g   S   e   n   d   S
000c310   u   p   e   r   2  \0 220  \0   s   8 023   @   _   o   b   j
000c320   c   _   r   e   t   a   i   n   A   u   t   o   r   e   l   e
000c330   a   s   e   d   R   e   t   u   r   n   V   a   l   u   e  \0
000c340 220  \0   s   @ 023   @   _   o   b   j   c   _   s   t   o   r
000c350   e   S   t   r   o   n   g  \0 220  \0   s   H 024   @   _   p
000c360   r   i   n   t   f  \0 220  \0  \0 001   _  \0 005  \0 006   _
000c370   m   h   _   e   x   e   c   u   t   e   _   h   e   a   d   e
000c380   r  \0   C   e   x   e   c   v  \0   G   r   u   n   S   c   r
000c390   i   p   t  \0   d   l   o   g   a   r   g   c  \0   i   m   a
000c3a0   i   n  \0   n   O   B   J   C   _  \0   s 002  \0  \0  \0 003
000c3b0  \0 220   Z 002   e  \0   R   p  \0   W 003  \0 340   Z  \0 003
000c3c0  \0 200   [ 001   e  \0   _ 003  \0 220   [  \0 003  \0 260   [
000c3d0  \0 003  \0 200   b  \0 003  \0 260   b  \0  \0 002   C   L   A
000c3e0   S   S   _   $   _  \0 217 001   M   E   T   A   C   L   A   S
000c3f0   S   _   $   _  \0 266 001  \0 002   V   i   e   w   C   o   n
000c400   t   r   o   l   l   e   r  \0 260 001   A   p   p   D   e   l
000c410   e   g   a   t   e  \0 343 001 004  \0 330 225 002  \0  \0 002
000c420   V   i   e   w   C   o   n   t   r   o   l   l   e   r  \0 327
000c430 001   A   p   p   D   e   l   e   g   a   t   e  \0 335 001 004
000c440  \0 200 226 002  \0 004  \0 250 226 002  \0 004  \0 320 226 002
000c450  \0  \0  \0  \0  \0  \0  \0  \0 220   Z   P     020     320 006
000c460   0   `   @   `   @  \0  \0  \0 306 002  \0  \0 016 001  \0  \0
000c470 220   1  \0  \0 001  \0  \0  \0 344 002  \0  \0 016 001  \0  \0
000c480 320   1  \0  \0 001  \0  \0  \0  \f 003  \0  \0 016 001  \0  \0
000c490   0   2  \0  \0 001  \0  \0  \0   : 003  \0  \0 016 001  \0  \0
000c4a0   p   2  \0  \0 001  \0  \0  \0   c 003  \0  \0 036  \f 200  \0
000c4b0 250   @  \0  \0 001  \0  \0  \0 204 003  \0  \0 036  \f 200  \0
000c4c0 260   @  \0  \0 001  \0  \0  \0 262 003  \0  \0 016 017  \0  \0
000c4d0   P 200  \0  \0 001  \0  \0  \0 327 003  \0  \0 016 017  \0  \0
000c4e0 230 200  \0  \0 001  \0  \0  \0  \0 004  \0  \0 016 017  \0  \0
000c4f0 320 200  \0  \0 001  \0  \0  \0   ! 004  \0  \0 016 017  \0  \0
000c500 030 201  \0  \0 001  \0  \0  \0   M 004  \0  \0 016 017  \0  \0
000c510 350 202  \0  \0 001  \0  \0  \0   } 004  \0  \0 016 017  \0  \0
000c520  \b 203  \0  \0 001  \0  \0  \0 231 004  \0  \0 016 017  \0  \0
000c530   P 203  \0  \0 001  \0  \0  \0 301 004  \0  \0 016 017  \0  \0
000c540 360 203  \0  \0 001  \0  \0  \0 356 004  \0  \0 016 017  \0  \0
000c550  \b 204  \0  \0 001  \0  \0  \0   + 005  \0  \0 016 017  \0  \0
000c560 320 207  \0  \0 001  \0  \0  \0   ` 005  \0  \0 016 017  \0  \0
000c570 020 211  \0  \0 001  \0  \0  \0 205 005  \0  \0 016 017  \0  \0
000c580   ( 211  \0  \0 001  \0  \0  \0 247 005  \0  \0 016 017  \0  \0
000c590   p 211  \0  \0 001  \0  \0  \0 315 005  \0  \0 016 017  \0  \0
000c5a0 250 211  \0  \0 001  \0  \0  \0 354 005  \0  \0 016 017  \0  \0
000c5b0 360 211  \0  \0 001  \0  \0  \0  \n 006  \0  \0 016 024  \0  \0
000c5c0   x 213  \0  \0 001  \0  \0  \0 031 006  \0  \0 036 024 200  \0
000c5d0 200 213  \0  \0 001  \0  \0  \0   4 006  \0  \0 036 024 200  \0
000c5e0 340 213  \0  \0 001  \0  \0  \0   \ 006  \0  \0   d  \0  \0  \0
000c5f0  \0  \0  \0  \0  \0  \0  \0  \0 202 006  \0  \0   d  \0  \0  \0
000c600  \0  \0  \0  \0  \0  \0  \0  \0 211 006  \0  \0   f 003 001  \0
000c610   H 316   d   d  \0  \0  \0  \0 001  \0  \0  \0   . 001  \0  \0
000c620 020   -  \0  \0 001  \0  \0  \0 005  \a  \0  \0   $ 001  \0  \0
000c630 020   -  \0  \0 001  \0  \0  \0 001  \0  \0  \0   $  \0  \0  \0
000c640   P  \0  \0  \0  \0  \0  \0  \0 001  \0  \0  \0   N 001  \0  \0
000c650   P  \0  \0  \0  \0  \0  \0  \0 001  \0  \0  \0   . 001  \0  \0
000c660   `   -  \0  \0 001  \0  \0  \0  \f  \a  \0  \0   $ 001  \0  \0
000c670   `   -  \0  \0 001  \0  \0  \0 001  \0  \0  \0   $  \0  \0  \0
000c680      \0  \0  \0  \0  \0  \0  \0 001  \0  \0  \0   N 001  \0  \0
000c690      \0  \0  \0  \0  \0  \0  \0 001  \0  \0  \0   . 001  \0  \0
000c6a0 200   -  \0  \0 001  \0  \0  \0 024  \a  \0  \0   $ 001  \0  \0
000c6b0 200   -  \0  \0 001  \0  \0  \0 001  \0  \0  \0   $  \0  \0  \0
000c6c0 020  \0  \0  \0  \0  \0  \0  \0 001  \0  \0  \0   N 001  \0  \0
000c6d0 020  \0  \0  \0  \0  \0  \0  \0 001  \0  \0  \0   . 001  \0  \0
000c6e0 220   -  \0  \0 001  \0  \0  \0 034  \a  \0  \0   $ 001  \0  \0
000c6f0 220   -  \0  \0 001  \0  \0  \0 001  \0  \0  \0   $  \0  \0  \0
000c700      \0  \0  \0  \0  \0  \0  \0 001  \0  \0  \0   N 001  \0  \0
000c710      \0  \0  \0  \0  \0  \0  \0 001  \0  \0  \0   . 001  \0  \0
000c720 260   -  \0  \0 001  \0  \0  \0   %  \a  \0  \0   $ 001  \0  \0
000c730 260   -  \0  \0 001  \0  \0  \0 001  \0  \0  \0   $  \0  \0  \0
000c740   P 003  \0  \0  \0  \0  \0  \0 001  \0  \0  \0   N 001  \0  \0
000c750   P 003  \0  \0  \0  \0  \0  \0 001  \0  \0  \0   . 001  \0  \0
000c760  \0   1  \0  \0 001  \0  \0  \0   0  \a  \0  \0   $ 001  \0  \0
000c770  \0   1  \0  \0 001  \0  \0  \0 001  \0  \0  \0   $  \0  \0  \0
000c780   0  \0  \0  \0  \0  \0  \0  \0 001  \0  \0  \0   N 001  \0  \0
000c790   0  \0  \0  \0  \0  \0  \0  \0 001  \0  \0  \0   . 001  \0  \0
000c7a0   0   1  \0  \0 001  \0  \0  \0   9  \a  \0  \0   $ 001  \0  \0
000c7b0   0   1  \0  \0 001  \0  \0  \0 001  \0  \0  \0   $  \0  \0  \0
000c7c0   V  \0  \0  \0  \0  \0  \0  \0 001  \0  \0  \0   N 001  \0  \0
000c7d0   V  \0  \0  \0  \0  \0  \0  \0 001  \0  \0  \0   d 001  \0  \0
000c7e0  \0  \0  \0  \0  \0  \0  \0  \0   \ 006  \0  \0   d  \0  \0  \0
000c7f0  \0  \0  \0  \0  \0  \0  \0  \0   ?  \a  \0  \0   d  \0  \0  \0
000c800  \0  \0  \0  \0  \0  \0  \0  \0   P  \a  \0  \0   f 003 001  \0
000c810 230 314   d   d  \0  \0  \0  \0 001  \0  \0  \0   . 001  \0  \0
000c820 220   1  \0  \0 001  \0  \0  \0 326  \a  \0  \0   $ 001  \0  \0
000c830 220   1  \0  \0 001  \0  \0  \0 001  \0  \0  \0   $  \0  \0  \0
000c840   @  \0  \0  \0  \0  \0  \0  \0 001  \0  \0  \0   N 001  \0  \0
000c850   @  \0  \0  \0  \0  \0  \0  \0 001  \0  \0  \0   . 001  \0  \0
000c860 320   1  \0  \0 001  \0  \0  \0 364  \a  \0  \0   $ 001  \0  \0
000c870 320   1  \0  \0 001  \0  \0  \0 001  \0  \0  \0   $  \0  \0  \0
000c880   ^  \0  \0  \0  \0  \0  \0  \0 001  \0  \0  \0   N 001  \0  \0
000c890   ^  \0  \0  \0  \0  \0  \0  \0 034  \b  \0  \0   & 017  \0  \0
000c8a0   P 200  \0  \0 001  \0  \0  \0   A  \b  \0  \0   & 017  \0  \0
000c8b0 230 200  \0  \0 001  \0  \0  \0   j  \b  \0  \0   & 017  \0  \0
000c8c0 320 200  \0  \0 001  \0  \0  \0 213  \b  \0  \0      \0  \0  \0
000c8d0  \0  \0  \0  \0  \0  \0  \0  \0 250  \b  \0  \0      \0  \0  \0
000c8e0  \0  \0  \0  \0  \0  \0  \0  \0 001  \0  \0  \0   d 001  \0  \0
000c8f0  \0  \0  \0  \0  \0  \0  \0  \0   \ 006  \0  \0   d  \0  \0  \0
000c900  \0  \0  \0  \0  \0  \0  \0  \0 311  \b  \0  \0   d  \0  \0  \0
000c910  \0  \0  \0  \0  \0  \0  \0  \0 327  \b  \0  \0   f 003 001  \0
000c920 230 314   d   d  \0  \0  \0  \0 001  \0  \0  \0   . 001  \0  \0
000c930   0   2  \0  \0 001  \0  \0  \0   Z  \t  \0  \0   $ 001  \0  \0
000c940   0   2  \0  \0 001  \0  \0  \0 001  \0  \0  \0   $  \0  \0  \0
000c950   @  \0  \0  \0  \0  \0  \0  \0 001  \0  \0  \0   N 001  \0  \0
000c960   @  \0  \0  \0  \0  \0  \0  \0 001  \0  \0  \0   . 001  \0  \0
000c970   p   2  \0  \0 001  \0  \0  \0 210  \t  \0  \0   $ 001  \0  \0
000c980   p   2  \0  \0 001  \0  \0  \0 001  \0  \0  \0   $  \0  \0  \0
000c990   =  \0  \0  \0  \0  \0  \0  \0 001  \0  \0  \0   N 001  \0  \0
000c9a0   =  \0  \0  \0  \0  \0  \0  \0 261  \t  \0  \0      \0  \0  \0
000c9b0  \0  \0  \0  \0  \0  \0  \0  \0 322  \t  \0  \0      \0  \0  \0
000c9c0  \0  \0  \0  \0  \0  \0  \0  \0  \0  \n  \0  \0   & 017  \0  \0
000c9d0 030 201  \0  \0 001  \0  \0  \0   ,  \n  \0  \0   & 017  \0  \0
000c9e0 350 202  \0  \0 001  \0  \0  \0   \  \n  \0  \0   & 017  \0  \0
000c9f0  \b 203  \0  \0 001  \0  \0  \0   x  \n  \0  \0   & 017  \0  \0
000ca00   P 203  \0  \0 001  \0  \0  \0 240  \n  \0  \0   & 017  \0  \0
000ca10 360 203  \0  \0 001  \0  \0  \0 315  \n  \0  \0   & 017  \0  \0
000ca20  \b 204  \0  \0 001  \0  \0  \0  \n  \v  \0  \0   & 017  \0  \0
000ca30 320 207  \0  \0 001  \0  \0  \0   ?  \v  \0  \0   & 017  \0  \0
000ca40 020 211  \0  \0 001  \0  \0  \0   d  \v  \0  \0   & 017  \0  \0
000ca50   ( 211  \0  \0 001  \0  \0  \0 206  \v  \0  \0   & 017  \0  \0
000ca60   p 211  \0  \0 001  \0  \0  \0 254  \v  \0  \0   & 017  \0  \0
000ca70 250 211  \0  \0 001  \0  \0  \0 313  \v  \0  \0   & 017  \0  \0
000ca80 360 211  \0  \0 001  \0  \0  \0 351  \v  \0  \0      \0  \0  \0
000ca90  \0  \0  \0  \0  \0  \0  \0  \0  \a  \f  \0  \0      \0  \0  \0
000caa0  \0  \0  \0  \0  \0  \0  \0  \0   !  \f  \0  \0      \0  \0  \0
000cab0  \0  \0  \0  \0  \0  \0  \0  \0   <  \f  \0  \0      \0  \0  \0
000cac0  \0  \0  \0  \0  \0  \0  \0  \0 001  \0  \0  \0   d 001  \0  \0
000cad0  \0  \0  \0  \0  \0  \0  \0  \0 002  \0  \0  \0 017 023  \0  \0
000cae0   P 213  \0  \0 001  \0  \0  \0 034  \0  \0  \0 017 023  \0  \0
000caf0 330 212  \0  \0 001  \0  \0  \0   9  \0  \0  \0 017 023  \0  \0
000cb00   ( 213  \0  \0 001  \0  \0  \0   W  \0  \0  \0 017 023  \0  \0
000cb10  \0 213  \0  \0 001  \0  \0  \0   x  \0  \0  \0 017 001 020  \0
000cb20  \0  \0  \0  \0 001  \0  \0  \0 214  \0  \0  \0 017 001  \0  \0
000cb30 020   -  \0  \0 001  \0  \0  \0 223  \0  \0  \0 017 001  \0  \0
000cb40   `   -  \0  \0 001  \0  \0  \0 233  \0  \0  \0 017 001  \0  \0
000cb50 200   -  \0  \0 001  \0  \0  \0 243  \0  \0  \0 017 001  \0  \0
000cb60 220   -  \0  \0 001  \0  \0  \0 254  \0  \0  \0 017 001  \0  \0
000cb70  \0   1  \0  \0 001  \0  \0  \0 265  \0  \0  \0 017 001  \0  \0
000cb80   0   1  \0  \0 001  \0  \0  \0 273  \0  \0  \0 017 001  \0  \0
000cb90 260   -  \0  \0 001  \0  \0  \0 306  \0  \0  \0 001  \0  \0 005
000cba0  \0  \0  \0  \0  \0  \0  \0  \0 331  \0  \0  \0 001  \0  \0 002
000cbb0  \0  \0  \0  \0  \0  \0  \0  \0 340  \0  \0  \0 001  \0  \0 006
000cbc0  \0  \0  \0  \0  \0  \0  \0  \0 366  \0  \0  \0 001  \0  \0 002
000cbd0  \0  \0  \0  \0  \0  \0  \0  \0  \r 001  \0  \0 001  \0  \0 003
000cbe0  \0  \0  \0  \0  \0  \0  \0  \0   $ 001  \0  \0 001  \0  \0 002
000cbf0  \0  \0  \0  \0  \0  \0  \0  \0   9 001  \0  \0 001  \0  \0 002
000cc00  \0  \0  \0  \0  \0  \0  \0  \0   P 001  \0  \0 001  \0  \0 002
000cc10  \0  \0  \0  \0  \0  \0  \0  \0   e 001  \0  \0 001  \0  \0 005
000cc20  \0  \0  \0  \0  \0  \0  \0  \0 204 001  \0  \0 001  \0  \0 003
000cc30  \0  \0  \0  \0  \0  \0  \0  \0 237 001  \0  \0 001  \0  \0 005
000cc40  \0  \0  \0  \0  \0  \0  \0  \0 302 001  \0  \0 001  \0  \0 006
000cc50  \0  \0  \0  \0  \0  \0  \0  \0 344 001  \0  \0 001  \0  \0 003
000cc60  \0  \0  \0  \0  \0  \0  \0  \0 367 001  \0  \0 001  \0  \0 003
000cc70  \0  \0  \0  \0  \0  \0  \0  \0 003 002  \0  \0 001  \0  \0 003
000cc80  \0  \0  \0  \0  \0  \0  \0  \0 024 002  \0  \0 001  \0  \0 003
000cc90  \0  \0  \0  \0  \0  \0  \0  \0   - 002  \0  \0 001  \0  \0 003
000cca0  \0  \0  \0  \0  \0  \0  \0  \0   G 002  \0  \0 001  \0  \0 003
000ccb0  \0  \0  \0  \0  \0  \0  \0  \0   U 002  \0  \0 001  \0  \0 003
000ccc0  \0  \0  \0  \0  \0  \0  \0  \0   i 002  \0  \0 001  \0  \0 003
000ccd0  \0  \0  \0  \0  \0  \0  \0  \0   w 002  \0  \0 001  \0  \0 003
000cce0  \0  \0  \0  \0  \0  \0  \0  \0 233 002  \0  \0 001  \0  \0 003
000ccf0  \0  \0  \0  \0  \0  \0  \0  \0 255 002  \0  \0 001  \0  \0 004
000cd00  \0  \0  \0  \0  \0  \0  \0  \0 265 002  \0  \0 001  \0  \0 004
000cd10  \0  \0  \0  \0  \0  \0  \0  \0   s  \0  \0  \0   t  \0  \0  \0
000cd20 200  \0  \0  \0 201  \0  \0  \0 202  \0  \0  \0 203  \0  \0  \0
000cd30 205  \0  \0  \0 207  \0  \0  \0 210  \0  \0  \0 211  \0  \0  \0
000cd40 204  \0  \0  \0 206  \0  \0  \0 212  \0  \0  \0   s  \0  \0  \0
000cd50   t  \0  \0  \0 200  \0  \0  \0 201  \0  \0  \0 202  \0  \0  \0
000cd60 203  \0  \0  \0 205  \0  \0  \0 207  \0  \0  \0 210  \0  \0  \0
000cd70 211  \0  \0  \0  \0  \0  \0  \0      \0   _   O   B   J   C   _
000cd80   C   L   A   S   S   _   $   _   A   p   p   D   e   l   e   g
000cd90   a   t   e  \0   _   O   B   J   C   _   C   L   A   S   S   _
000cda0   $   _   V   i   e   w   C   o   n   t   r   o   l   l   e   r
000cdb0  \0   _   O   B   J   C   _   M   E   T   A   C   L   A   S   S
000cdc0   _   $   _   A   p   p   D   e   l   e   g   a   t   e  \0   _
000cdd0   O   B   J   C   _   M   E   T   A   C   L   A   S   S   _   $
000cde0   _   V   i   e   w   C   o   n   t   r   o   l   l   e   r  \0
000cdf0   _   _   m   h   _   e   x   e   c   u   t   e   _   h   e   a
000ce00   d   e   r  \0   _   e   x   e   c   v  \0   _   e   x   e   c
000ce10   v   e  \0   _   e   x   e   c   v   p  \0   _   e   x   e   c
000ce20   v   p   e  \0   _   l   o   g   a   r   g   c  \0   _   m   a
000ce30   i   n  \0   _   r   u   n   S   c   r   i   p   t  \0   _   N
000ce40   S   A   p   p   l   i   c   a   t   i   o   n   M   a   i   n
000ce50  \0   _   N   S   L   o   g  \0   _   O   B   J   C   _   C   L
000ce60   A   S   S   _   $   _   N   S   A   r   r   a   y  \0   _   O
000ce70   B   J   C   _   C   L   A   S   S   _   $   _   N   S   B   u
000ce80   n   d   l   e  \0   _   O   B   J   C   _   C   L   A   S   S
000ce90   _   $   _   N   S   O   b   j   e   c   t  \0   _   O   B   J
000cea0   C   _   C   L   A   S   S   _   $   _   N   S   P   i   p   e
000ceb0  \0   _   O   B   J   C   _   C   L   A   S   S   _   $   _   N
000cec0   S   S   t   r   i   n   g  \0   _   O   B   J   C   _   C   L
000ced0   A   S   S   _   $   _   N   S   T   a   s   k  \0   _   O   B
000cee0   J   C   _   C   L   A   S   S   _   $   _   N   S   V   i   e
000cef0   w   C   o   n   t   r   o   l   l   e   r  \0   _   O   B   J
000cf00   C   _   M   E   T   A   C   L   A   S   S   _   $   _   N   S
000cf10   O   b   j   e   c   t  \0   _   O   B   J   C   _   M   E   T
000cf20   A   C   L   A   S   S   _   $   _   N   S   V   i   e   w   C
000cf30   o   n   t   r   o   l   l   e   r  \0   _   _   _   C   F   C
000cf40   o   n   s   t   a   n   t   S   t   r   i   n   g   C   l   a
000cf50   s   s   R   e   f   e   r   e   n   c   e  \0   _   _   o   b
000cf60   j   c   _   e   m   p   t   y   _   c   a   c   h   e  \0   _
000cf70   o   b   j   c   _   a   l   l   o   c  \0   _   o   b   j   c
000cf80   _   a   l   l   o   c   _   i   n   i   t  \0   _   o   b   j
000cf90   c   _   a   u   t   o   r   e   l   e   a   s   e   P   o   o
000cfa0   l   P   o   p  \0   _   o   b   j   c   _   a   u   t   o   r
000cfb0   e   l   e   a   s   e   P   o   o   l   P   u   s   h  \0   _
000cfc0   o   b   j   c   _   m   s   g   S   e   n   d  \0   _   o   b
000cfd0   j   c   _   m   s   g   S   e   n   d   S   u   p   e   r   2
000cfe0  \0   _   o   b   j   c   _   r   e   l   e   a   s   e  \0   _
000cff0   o   b   j   c   _   r   e   t   a   i   n   A   u   t   o   r
000d000   e   l   e   a   s   e   d   R   e   t   u   r   n   V   a   l
000d010   u   e  \0   _   o   b   j   c   _   s   t   o   r   e   S   t
000d020   r   o   n   g  \0   _   p   r   i   n   t   f  \0   d   y   l
000d030   d   _   s   t   u   b   _   b   i   n   d   e   r  \0   -   [
000d040   V   i   e   w   C   o   n   t   r   o   l   l   e   r       v
000d050   i   e   w   D   i   d   L   o   a   d   ]  \0   -   [   V   i
000d060   e   w   C   o   n   t   r   o   l   l   e   r       s   e   t
000d070   R   e   p   r   e   s   e   n   t   e   d   O   b   j   e   c
000d080   t   :   ]  \0   -   [   A   p   p   D   e   l   e   g   a   t
000d090   e       a   p   p   l   i   c   a   t   i   o   n   D   i   d
000d0a0   F   i   n   i   s   h   L   a   u   n   c   h   i   n   g   :
000d0b0   ]  \0   -   [   A   p   p   D   e   l   e   g   a   t   e    
000d0c0   a   p   p   l   i   c   a   t   i   o   n   W   i   l   l   T
000d0d0   e   r   m   i   n   a   t   e   :   ]  \0   _   _   O   B   J
000d0e0   C   _   L   A   B   E   L   _   P   R   O   T   O   C   O   L
000d0f0   _   $   _   N   S   O   b   j   e   c   t  \0   _   _   O   B
000d100   J   C   _   L   A   B   E   L   _   P   R   O   T   O   C   O
000d110   L   _   $   _   N   S   A   p   p   l   i   c   a   t   i   o
000d120   n   D   e   l   e   g   a   t   e  \0   _   _   O   B   J   C
000d130   _   M   E   T   A   C   L   A   S   S   _   R   O   _   $   _
000d140   V   i   e   w   C   o   n   t   r   o   l   l   e   r  \0   _
000d150   _   O   B   J   C   _   $   _   I   N   S   T   A   N   C   E
000d160   _   M   E   T   H   O   D   S   _   V   i   e   w   C   o   n
000d170   t   r   o   l   l   e   r  \0   _   _   O   B   J   C   _   C
000d180   L   A   S   S   _   R   O   _   $   _   V   i   e   w   C   o
000d190   n   t   r   o   l   l   e   r  \0   _   _   O   B   J   C   _
000d1a0   $   _   P   R   O   T   O   C   O   L   _   I   N   S   T   A
000d1b0   N   C   E   _   M   E   T   H   O   D   S   _   N   S   O   b
000d1c0   j   e   c   t  \0   _   _   O   B   J   C   _   $   _   P   R
000d1d0   O   T   O   C   O   L   _   I   N   S   T   A   N   C   E   _
000d1e0   M   E   T   H   O   D   S   _   O   P   T   _   N   S   O   b
000d1f0   j   e   c   t  \0   _   _   O   B   J   C   _   $   _   P   R
000d200   O   P   _   L   I   S   T   _   N   S   O   b   j   e   c   t
000d210  \0   _   _   O   B   J   C   _   $   _   P   R   O   T   O   C
000d220   O   L   _   M   E   T   H   O   D   _   T   Y   P   E   S   _
000d230   N   S   O   b   j   e   c   t  \0   _   _   O   B   J   C   _
000d240   $   _   P   R   O   T   O   C   O   L   _   R   E   F   S   _
000d250   N   S   A   p   p   l   i   c   a   t   i   o   n   D   e   l
000d260   e   g   a   t   e  \0   _   _   O   B   J   C   _   $   _   P
000d270   R   O   T   O   C   O   L   _   I   N   S   T   A   N   C   E
000d280   _   M   E   T   H   O   D   S   _   O   P   T   _   N   S   A
000d290   p   p   l   i   c   a   t   i   o   n   D   e   l   e   g   a
000d2a0   t   e  \0   _   _   O   B   J   C   _   $   _   P   R   O   T
000d2b0   O   C   O   L   _   M   E   T   H   O   D   _   T   Y   P   E
000d2c0   S   _   N   S   A   p   p   l   i   c   a   t   i   o   n   D
000d2d0   e   l   e   g   a   t   e  \0   _   _   O   B   J   C   _   C
000d2e0   L   A   S   S   _   P   R   O   T   O   C   O   L   S   _   $
000d2f0   _   A   p   p   D   e   l   e   g   a   t   e  \0   _   _   O
000d300   B   J   C   _   M   E   T   A   C   L   A   S   S   _   R   O
000d310   _   $   _   A   p   p   D   e   l   e   g   a   t   e  \0   _
000d320   _   O   B   J   C   _   $   _   I   N   S   T   A   N   C   E
000d330   _   M   E   T   H   O   D   S   _   A   p   p   D   e   l   e
000d340   g   a   t   e  \0   _   _   O   B   J   C   _   $   _   P   R
000d350   O   P   _   L   I   S   T   _   A   p   p   D   e   l   e   g
000d360   a   t   e  \0   _   _   O   B   J   C   _   C   L   A   S   S
000d370   _   R   O   _   $   _   A   p   p   D   e   l   e   g   a   t
000d380   e  \0   _   _   d   y   l   d   _   p   r   i   v   a   t   e
000d390  \0   _   _   O   B   J   C   _   P   R   O   T   O   C   O   L
000d3a0   _   $   _   N   S   O   b   j   e   c   t  \0   _   _   O   B
000d3b0   J   C   _   P   R   O   T   O   C   O   L   _   $   _   N   S
000d3c0   A   p   p   l   i   c   a   t   i   o   n   D   e   l   e   g
000d3d0   a   t   e  \0   /   V   o   l   u   m   e   s   /   g   i   t
000d3e0   /   A   p   p   W   i   t   h   T   o   o   l   /   A   p   p
000d3f0   W   i   t   h   T   o   o   l   /  \0   m   a   i   n   .   m
000d400  \0   /   V   o   l   u   m   e   s   /   g   i   t   /   A   p
000d410   p   W   i   t   h   T   o   o   l   /   B   u   i   l   d   /
000d420   I   n   t   e   r   m   e   d   i   a   t   e   s   .   n   o
000d430   i   n   d   e   x   /   A   p   p   W   i   t   h   T   o   o
000d440   l   .   b   u   i   l   d   /   D   e   b   u   g   /   A   p
000d450   p   W   i   t   h   T   o   o   l   .   b   u   i   l   d   /
000d460   O   b   j   e   c   t   s   -   n   o   r   m   a   l   /   x
000d470   8   6   _   6   4   /   m   a   i   n   .   o  \0   _   e   x
000d480   e   c   v  \0   _   e   x   e   c   v   e  \0   _   e   x   e
000d490   c   v   p  \0   _   e   x   e   c   v   p   e  \0   _   r   u
000d4a0   n   S   c   r   i   p   t  \0   _   l   o   g   a   r   g   c
000d4b0  \0   _   m   a   i   n  \0   V   i   e   w   C   o   n   t   r
000d4c0   o   l   l   e   r   .   m  \0   /   V   o   l   u   m   e   s
000d4d0   /   g   i   t   /   A   p   p   W   i   t   h   T   o   o   l
000d4e0   /   B   u   i   l   d   /   I   n   t   e   r   m   e   d   i
000d4f0   a   t   e   s   .   n   o   i   n   d   e   x   /   A   p   p
000d500   W   i   t   h   T   o   o   l   .   b   u   i   l   d   /   D
000d510   e   b   u   g   /   A   p   p   W   i   t   h   T   o   o   l
000d520   .   b   u   i   l   d   /   O   b   j   e   c   t   s   -   n
000d530   o   r   m   a   l   /   x   8   6   _   6   4   /   V   i   e
000d540   w   C   o   n   t   r   o   l   l   e   r   .   o  \0   -   [
000d550   V   i   e   w   C   o   n   t   r   o   l   l   e   r       v
000d560   i   e   w   D   i   d   L   o   a   d   ]  \0   -   [   V   i
000d570   e   w   C   o   n   t   r   o   l   l   e   r       s   e   t
000d580   R   e   p   r   e   s   e   n   t   e   d   O   b   j   e   c
000d590   t   :   ]  \0   _   _   O   B   J   C   _   M   E   T   A   C
000d5a0   L   A   S   S   _   R   O   _   $   _   V   i   e   w   C   o
000d5b0   n   t   r   o   l   l   e   r  \0   _   _   O   B   J   C   _
000d5c0   $   _   I   N   S   T   A   N   C   E   _   M   E   T   H   O
000d5d0   D   S   _   V   i   e   w   C   o   n   t   r   o   l   l   e
000d5e0   r  \0   _   _   O   B   J   C   _   C   L   A   S   S   _   R
000d5f0   O   _   $   _   V   i   e   w   C   o   n   t   r   o   l   l
000d600   e   r  \0   _   O   B   J   C   _   C   L   A   S   S   _   $
000d610   _   V   i   e   w   C   o   n   t   r   o   l   l   e   r  \0
000d620   _   O   B   J   C   _   M   E   T   A   C   L   A   S   S   _
000d630   $   _   V   i   e   w   C   o   n   t   r   o   l   l   e   r
000d640  \0   A   p   p   D   e   l   e   g   a   t   e   .   m  \0   /
000d650   V   o   l   u   m   e   s   /   g   i   t   /   A   p   p   W
000d660   i   t   h   T   o   o   l   /   B   u   i   l   d   /   I   n
000d670   t   e   r   m   e   d   i   a   t   e   s   .   n   o   i   n
000d680   d   e   x   /   A   p   p   W   i   t   h   T   o   o   l   .
000d690   b   u   i   l   d   /   D   e   b   u   g   /   A   p   p   W
000d6a0   i   t   h   T   o   o   l   .   b   u   i   l   d   /   O   b
000d6b0   j   e   c   t   s   -   n   o   r   m   a   l   /   x   8   6
000d6c0   _   6   4   /   A   p   p   D   e   l   e   g   a   t   e   .
000d6d0   o  \0   -   [   A   p   p   D   e   l   e   g   a   t   e    
000d6e0   a   p   p   l   i   c   a   t   i   o   n   D   i   d   F   i
000d6f0   n   i   s   h   L   a   u   n   c   h   i   n   g   :   ]  \0
000d700   -   [   A   p   p   D   e   l   e   g   a   t   e       a   p
000d710   p   l   i   c   a   t   i   o   n   W   i   l   l   T   e   r
000d720   m   i   n   a   t   e   :   ]  \0   _   _   O   B   J   C   _
000d730   L   A   B   E   L   _   P   R   O   T   O   C   O   L   _   $
000d740   _   N   S   O   b   j   e   c   t  \0   _   _   O   B   J   C
000d750   _   L   A   B   E   L   _   P   R   O   T   O   C   O   L   _
000d760   $   _   N   S   A   p   p   l   i   c   a   t   i   o   n   D
000d770   e   l   e   g   a   t   e  \0   _   _   O   B   J   C   _   $
000d780   _   P   R   O   T   O   C   O   L   _   I   N   S   T   A   N
000d790   C   E   _   M   E   T   H   O   D   S   _   N   S   O   b   j
000d7a0   e   c   t  \0   _   _   O   B   J   C   _   $   _   P   R   O
000d7b0   T   O   C   O   L   _   I   N   S   T   A   N   C   E   _   M
000d7c0   E   T   H   O   D   S   _   O   P   T   _   N   S   O   b   j
000d7d0   e   c   t  \0   _   _   O   B   J   C   _   $   _   P   R   O
000d7e0   P   _   L   I   S   T   _   N   S   O   b   j   e   c   t  \0
000d7f0   _   _   O   B   J   C   _   $   _   P   R   O   T   O   C   O
000d800   L   _   M   E   T   H   O   D   _   T   Y   P   E   S   _   N
000d810   S   O   b   j   e   c   t  \0   _   _   O   B   J   C   _   $
000d820   _   P   R   O   T   O   C   O   L   _   R   E   F   S   _   N
000d830   S   A   p   p   l   i   c   a   t   i   o   n   D   e   l   e
000d840   g   a   t   e  \0   _   _   O   B   J   C   _   $   _   P   R
000d850   O   T   O   C   O   L   _   I   N   S   T   A   N   C   E   _
000d860   M   E   T   H   O   D   S   _   O   P   T   _   N   S   A   p
000d870   p   l   i   c   a   t   i   o   n   D   e   l   e   g   a   t
000d880   e  \0   _   _   O   B   J   C   _   $   _   P   R   O   T   O
000d890   C   O   L   _   M   E   T   H   O   D   _   T   Y   P   E   S
000d8a0   _   N   S   A   p   p   l   i   c   a   t   i   o   n   D   e
000d8b0   l   e   g   a   t   e  \0   _   _   O   B   J   C   _   C   L
000d8c0   A   S   S   _   P   R   O   T   O   C   O   L   S   _   $   _
000d8d0   A   p   p   D   e   l   e   g   a   t   e  \0   _   _   O   B
000d8e0   J   C   _   M   E   T   A   C   L   A   S   S   _   R   O   _
000d8f0   $   _   A   p   p   D   e   l   e   g   a   t   e  \0   _   _
000d900   O   B   J   C   _   $   _   I   N   S   T   A   N   C   E   _
000d910   M   E   T   H   O   D   S   _   A   p   p   D   e   l   e   g
000d920   a   t   e  \0   _   _   O   B   J   C   _   $   _   P   R   O
000d930   P   _   L   I   S   T   _   A   p   p   D   e   l   e   g   a
000d940   t   e  \0   _   _   O   B   J   C   _   C   L   A   S   S   _
000d950   R   O   _   $   _   A   p   p   D   e   l   e   g   a   t   e
000d960  \0   _   O   B   J   C   _   M   E   T   A   C   L   A   S   S
000d970   _   $   _   A   p   p   D   e   l   e   g   a   t   e  \0   _
000d980   O   B   J   C   _   C   L   A   S   S   _   $   _   A   p   p
000d990   D   e   l   e   g   a   t   e  \0   _   _   O   B   J   C   _
000d9a0   P   R   O   T   O   C   O   L   _   $   _   N   S   O   b   j
000d9b0   e   c   t  \0   _   _   O   B   J   C   _   P   R   O   T   O
000d9c0   C   O   L   _   $   _   N   S   A   p   p   l   i   c   a   t
000d9d0   i   o   n   D   e   l   e   g   a   t   e  \0  \0  \0  \0  \0
000d9e0
