0000000 317 372 355 376  \a  \0  \0 001 003  \0  \0  \0 002  \0  \0  \0
0000010 024  \0  \0  \0 250 006  \0  \0 205  \0      \0  \0  \0  \0  \0
0000020 031  \0  \0  \0   H  \0  \0  \0   _   _   P   A   G   E   Z   E
0000030   R   O  \0  \0  \0  \0  \0  \0  \0  \0  \0  \0  \0  \0  \0  \0
0000040  \0  \0  \0  \0 001  \0  \0  \0  \0  \0  \0  \0  \0  \0  \0  \0
0000050  \0  \0  \0  \0  \0  \0  \0  \0  \0  \0  \0  \0  \0  \0  \0  \0
0000060  \0  \0  \0  \0  \0  \0  \0  \0 031  \0  \0  \0 330 001  \0  \0
0000070   _   _   T   E   X   T  \0  \0  \0  \0  \0  \0  \0  \0  \0  \0
0000080  \0  \0  \0  \0 001  \0  \0  \0  \0   @  \0  \0  \0  \0  \0  \0
0000090  \0  \0  \0  \0  \0  \0  \0  \0  \0   @  \0  \0  \0  \0  \0  \0
00000a0 005  \0  \0  \0 005  \0  \0  \0 005  \0  \0  \0  \0  \0  \0  \0
00000b0   _   _   t   e   x   t  \0  \0  \0  \0  \0  \0  \0  \0  \0  \0
00000c0   _   _   T   E   X   T  \0  \0  \0  \0  \0  \0  \0  \0  \0  \0
00000d0 320   >  \0  \0 001  \0  \0  \0 201  \0  \0  \0  \0  \0  \0  \0
00000e0 320   >  \0  \0 004  \0  \0  \0  \0  \0  \0  \0  \0  \0  \0  \0
00000f0  \0 004  \0 200  \0  \0  \0  \0  \0  \0  \0  \0  \0  \0  \0  \0
0000100   _   _   s   t   u   b   s  \0  \0  \0  \0  \0  \0  \0  \0  \0
0000110   _   _   T   E   X   T  \0  \0  \0  \0  \0  \0  \0  \0  \0  \0
0000120   R   ?  \0  \0 001  \0  \0  \0 022  \0  \0  \0  \0  \0  \0  \0
0000130   R   ?  \0  \0 001  \0  \0  \0  \0  \0  \0  \0  \0  \0  \0  \0
0000140  \b 004  \0 200  \0  \0  \0  \0 006  \0  \0  \0  \0  \0  \0  \0
0000150   _   _   s   t   u   b   _   h   e   l   p   e   r  \0  \0  \0
0000160   _   _   T   E   X   T  \0  \0  \0  \0  \0  \0  \0  \0  \0  \0
0000170   d   ?  \0  \0 001  \0  \0  \0   .  \0  \0  \0  \0  \0  \0  \0
0000180   d   ?  \0  \0 002  \0  \0  \0  \0  \0  \0  \0  \0  \0  \0  \0
0000190  \0 004  \0 200  \0  \0  \0  \0  \0  \0  \0  \0  \0  \0  \0  \0
00001a0   _   _   c   s   t   r   i   n   g  \0  \0  \0  \0  \0  \0  \0
00001b0   _   _   T   E   X   T  \0  \0  \0  \0  \0  \0  \0  \0  \0  \0
00001c0 222   ?  \0  \0 001  \0  \0  \0 034  \0  \0  \0  \0  \0  \0  \0
00001d0 222   ?  \0  \0  \0  \0  \0  \0  \0  \0  \0  \0  \0  \0  \0  \0
00001e0 002  \0  \0  \0  \0  \0  \0  \0  \0  \0  \0  \0  \0  \0  \0  \0
00001f0   _   _   u   n   w   i   n   d   _   i   n   f   o  \0  \0  \0
0000200   _   _   T   E   X   T  \0  \0  \0  \0  \0  \0  \0  \0  \0  \0
0000210 260   ?  \0  \0 001  \0  \0  \0   H  \0  \0  \0  \0  \0  \0  \0
0000220 260   ?  \0  \0 002  \0  \0  \0  \0  \0  \0  \0  \0  \0  \0  \0
0000230  \0  \0  \0  \0  \0  \0  \0  \0  \0  \0  \0  \0  \0  \0  \0  \0
0000240 031  \0  \0  \0 350  \0  \0  \0   _   _   D   A   T   A   _   C
0000250   O   N   S   T  \0  \0  \0  \0  \0   @  \0  \0 001  \0  \0  \0
0000260  \0   @  \0  \0  \0  \0  \0  \0  \0   @  \0  \0  \0  \0  \0  \0
0000270  \0   @  \0  \0  \0  \0  \0  \0 003  \0  \0  \0 003  \0  \0  \0
0000280 002  \0  \0  \0 020  \0  \0  \0   _   _   g   o   t  \0  \0  \0
0000290  \0  \0  \0  \0  \0  \0  \0  \0   _   _   D   A   T   A   _   C
00002a0   O   N   S   T  \0  \0  \0  \0  \0   @  \0  \0 001  \0  \0  \0
00002b0  \b  \0  \0  \0  \0  \0  \0  \0  \0   @  \0  \0 003  \0  \0  \0
00002c0  \0  \0  \0  \0  \0  \0  \0  \0 006  \0  \0  \0 003  \0  \0  \0
00002d0  \0  \0  \0  \0  \0  \0  \0  \0   _   _   o   b   j   c   _   i
00002e0   m   a   g   e   i   n   f   o   _   _   D   A   T   A   _   C
00002f0   O   N   S   T  \0  \0  \0  \0  \b   @  \0  \0 001  \0  \0  \0
0000300  \b  \0  \0  \0  \0  \0  \0  \0  \b   @  \0  \0 002  \0  \0  \0
0000310  \0  \0  \0  \0  \0  \0  \0  \0  \0  \0  \0  \0  \0  \0  \0  \0
0000320  \0  \0  \0  \0  \0  \0  \0  \0 031  \0  \0  \0 350  \0  \0  \0
0000330   _   _   D   A   T   A  \0  \0  \0  \0  \0  \0  \0  \0  \0  \0
0000340  \0 200  \0  \0 001  \0  \0  \0  \0   @  \0  \0  \0  \0  \0  \0
0000350  \0 200  \0  \0  \0  \0  \0  \0  \0   @  \0  \0  \0  \0  \0  \0
0000360 003  \0  \0  \0 003  \0  \0  \0 002  \0  \0  \0  \0  \0  \0  \0
0000370   _   _   l   a   _   s   y   m   b   o   l   _   p   t   r  \0
0000380   _   _   D   A   T   A  \0  \0  \0  \0  \0  \0  \0  \0  \0  \0
0000390  \0 200  \0  \0 001  \0  \0  \0 030  \0  \0  \0  \0  \0  \0  \0
00003a0  \0 200  \0  \0 003  \0  \0  \0  \0  \0  \0  \0  \0  \0  \0  \0
00003b0  \a  \0  \0  \0 004  \0  \0  \0  \0  \0  \0  \0  \0  \0  \0  \0
00003c0   _   _   d   a   t   a  \0  \0  \0  \0  \0  \0  \0  \0  \0  \0
00003d0   _   _   D   A   T   A  \0  \0  \0  \0  \0  \0  \0  \0  \0  \0
00003e0 030 200  \0  \0 001  \0  \0  \0  \b  \0  \0  \0  \0  \0  \0  \0
00003f0 030 200  \0  \0 003  \0  \0  \0  \0  \0  \0  \0  \0  \0  \0  \0
0000400  \0  \0  \0  \0  \0  \0  \0  \0  \0  \0  \0  \0  \0  \0  \0  \0
0000410 031  \0  \0  \0   H  \0  \0  \0   _   _   L   I   N   K   E   D
0000420   I   T  \0  \0  \0  \0  \0  \0  \0 300  \0  \0 001  \0  \0  \0
0000430  \0 200  \0  \0  \0  \0  \0  \0  \0 300  \0  \0  \0  \0  \0  \0
0000440   @   T  \0  \0  \0  \0  \0  \0 001  \0  \0  \0 001  \0  \0  \0
0000450  \0  \0  \0  \0  \0  \0  \0  \0   "  \0  \0 200   0  \0  \0  \0
0000460  \0 300  \0  \0  \b  \0  \0  \0  \b 300  \0  \0 030  \0  \0  \0
0000470  \0  \0  \0  \0  \0  \0  \0  \0     300  \0  \0   P  \0  \0  \0
0000480   p 300  \0  \0   8  \0  \0  \0 002  \0  \0  \0 030  \0  \0  \0
0000490 260 300  \0  \0 024  \0  \0  \0 020 302  \0  \0   0 001  \0  \0
00004a0  \v  \0  \0  \0   P  \0  \0  \0  \0  \0  \0  \0  \r  \0  \0  \0
00004b0  \r  \0  \0  \0 003  \0  \0  \0 020  \0  \0  \0 004  \0  \0  \0
00004c0  \0  \0  \0  \0  \0  \0  \0  \0  \0  \0  \0  \0  \0  \0  \0  \0
00004d0  \0  \0  \0  \0  \0  \0  \0  \0 360 301  \0  \0  \a  \0  \0  \0
00004e0  \0  \0  \0  \0  \0  \0  \0  \0  \0  \0  \0  \0  \0  \0  \0  \0
00004f0 016  \0  \0  \0      \0  \0  \0  \f  \0  \0  \0   /   u   s   r
0000500   /   l   i   b   /   d   y   l   d  \0  \0  \0  \0  \0  \0  \0
0000510 033  \0  \0  \0 030  \0  \0  \0   /   I   j 205 362   }   9   H
0000520 242 254   F   0 022 005 365   q   2  \0  \0  \0      \0  \0  \0
0000530 001  \0  \0  \0  \0 017  \n  \0  \0 001  \v  \0 001  \0  \0  \0
0000540 003  \0  \0  \0  \0  \b   a 002   *  \0  \0  \0 020  \0  \0  \0
0000550  \0  \0  \0  \0  \0  \0  \0  \0   (  \0  \0 200 030  \0  \0  \0
0000560 360   >  \0  \0  \0  \0  \0  \0  \0  \0  \0  \0  \0  \0  \0  \0
0000570  \f  \0  \0  \0   X  \0  \0  \0 030  \0  \0  \0 002  \0  \0  \0
0000580  \0  \0 027  \0  \0  \0 001  \0   /   S   y   s   t   e   m   /
0000590   L   i   b   r   a   r   y   /   F   r   a   m   e   w   o   r
00005a0   k   s   /   C   o   c   o   a   .   f   r   a   m   e   w   o
00005b0   r   k   /   V   e   r   s   i   o   n   s   /   A   /   C   o
00005c0   c   o   a  \0  \0  \0  \0  \0  \f  \0  \0  \0   `  \0  \0  \0
00005d0 030  \0  \0  \0 002  \0  \0  \0  \0 377 352 006  \0  \0   , 001
00005e0   /   S   y   s   t   e   m   /   L   i   b   r   a   r   y   /
00005f0   F   r   a   m   e   w   o   r   k   s   /   F   o   u   n   d
0000600   a   t   i   o   n   .   f   r   a   m   e   w   o   r   k   /
0000610   V   e   r   s   i   o   n   s   /   C   /   F   o   u   n   d
0000620   a   t   i   o   n  \0  \0  \0  \f  \0  \0  \0   8  \0  \0  \0
0000630 030  \0  \0  \0 002  \0  \0  \0  \0  \0 344  \0  \0  \0 001  \0
0000640   /   u   s   r   /   l   i   b   /   l   i   b   o   b   j   c
0000650   .   A   .   d   y   l   i   b  \0  \0  \0  \0  \0  \0  \0  \0
0000660  \f  \0  \0  \0   8  \0  \0  \0 030  \0  \0  \0 002  \0  \0  \0
0000670 001   <  \f 005  \0  \0 001  \0   /   u   s   r   /   l   i   b
0000680   /   l   i   b   S   y   s   t   e   m   .   B   .   d   y   l
0000690   i   b  \0  \0  \0  \0  \0  \0   &  \0  \0  \0 020  \0  \0  \0
00006a0 250 300  \0  \0  \b  \0  \0  \0   )  \0  \0  \0 020  \0  \0  \0
00006b0 260 300  \0  \0  \0  \0  \0  \0 035  \0  \0  \0 020  \0  \0  \0
00006c0   @ 303  \0  \0  \0   Q  \0  \0  \0  \0  \0  \0  \0  \0  \0  \0
00006d0  \0  \0  \0  \0  \0  \0  \0  \0  \0  \0  \0  \0  \0  \0  \0  \0
*
0003ed0   U   H 211 345   H 215   = 267  \0  \0  \0 260  \0 350   |  \0
0003ee0  \0  \0   ] 303   f   . 017 037 204  \0  \0  \0  \0  \0   f 220
0003ef0   U   H 211 345   H 203 354     307   E 374  \0  \0  \0  \0 211
0003f00   } 370   H 211   u 360 350   M  \0  \0  \0   H 211 307 350   ?
0003f10  \0  \0  \0 213   u 370   H 215   =   {  \0  \0  \0 260  \0 350
0003f20   :  \0  \0  \0   H 213   M 360   H   c   U 370   H 213   4 321
0003f30   H 215   =   i  \0  \0  \0 211   E 354 260  \0 350 035  \0  \0
0003f40  \0 211   E 350 350 207 377 377 377   1 300   H 203 304       ]
0003f50 303 220 377   % 250   @  \0  \0 377   % 252   @  \0  \0 377   %
0003f60 254   @  \0  \0   L 215 035 255   @  \0  \0   A   S 377   % 215
0003f70  \0  \0  \0 220   h  \0  \0  \0  \0 351 346 377 377 377   h 037
0003f80  \0  \0  \0 351 334 377 377 377   h   ?  \0  \0  \0 351 322 377
0003f90 377 377   T   o   o   l   X  \0   a   r   g   c   =   %   d  \0
0003fa0   a   r   g   v   [   a   r   g   c   ]   =   %   s  \0  \0  \0
0003fb0 001  \0  \0  \0 034  \0  \0  \0  \0  \0  \0  \0 034  \0  \0  \0
0003fc0  \0  \0  \0  \0 034  \0  \0  \0 002  \0  \0  \0 320   >  \0  \0
0003fd0   4  \0  \0  \0   4  \0  \0  \0   R   ?  \0  \0  \0  \0  \0  \0
0003fe0   4  \0  \0  \0 003  \0  \0  \0  \f  \0 001  \0 020  \0 001  \0
0003ff0  \0  \0  \0  \0  \0  \0  \0 001  \0  \0  \0  \0  \0  \0  \0  \0
0004000  \0  \0  \0  \0  \0  \0  \0  \0  \0  \0  \0  \0   @  \0  \0  \0
0004010  \0  \0  \0  \0  \0  \0  \0  \0  \0  \0  \0  \0  \0  \0  \0  \0
*
0008000   t   ?  \0  \0 001  \0  \0  \0   ~   ?  \0  \0 001  \0  \0  \0
0008010 210   ?  \0  \0 001  \0  \0  \0  \0  \0  \0  \0  \0  \0  \0  \0
0008020  \0  \0  \0  \0  \0  \0  \0  \0  \0  \0  \0  \0  \0  \0  \0  \0
*
000c000 021   #  \0   S  \0  \0  \0  \0 024   @   d   y   l   d   _   s
000c010   t   u   b   _   b   i   n   d   e   r  \0   Q   r  \0 220  \0
000c020   s  \0 023   @   _   o   b   j   c   _   a   u   t   o   r   e
000c030   l   e   a   s   e   P   o   o   l   P   o   p  \0 220  \0   s
000c040  \b 023   @   _   o   b   j   c   _   a   u   t   o   r   e   l
000c050   e   a   s   e   P   o   o   l   P   u   s   h  \0 220  \0   s
000c060 020 024   @   _   p   r   i   n   t   f  \0 220  \0  \0  \0  \0
000c070  \0 001   _  \0 005  \0 003   _   m   h   _   e   x   e   c   u
000c080   t   e   _   h   e   a   d   e   r  \0   )   r   e   p   o   r
000c090   t  \0   -   m   a   i   n  \0   2 002  \0  \0  \0 003  \0 320
000c0a0   }  \0 003  \0 360   }  \0  \0 320   }      \0  \0  \0  \0  \0
000c0b0   p  \0  \0  \0 016  \t  \0  \0 030 200  \0  \0 001  \0  \0  \0
000c0c0 177  \0  \0  \0   d  \0  \0  \0  \0  \0  \0  \0  \0  \0  \0  \0
000c0d0 237  \0  \0  \0   d  \0  \0  \0  \0  \0  \0  \0  \0  \0  \0  \0
000c0e0 246  \0  \0  \0   f 003 001  \0 230 314   d   d  \0  \0  \0  \0
000c0f0 001  \0  \0  \0   . 001  \0  \0 320   >  \0  \0 001  \0  \0  \0
000c100 034 001  \0  \0   $ 001  \0  \0 320   >  \0  \0 001  \0  \0  \0
000c110 001  \0  \0  \0   $  \0  \0  \0      \0  \0  \0  \0  \0  \0  \0
000c120 001  \0  \0  \0   N 001  \0  \0      \0  \0  \0  \0  \0  \0  \0
000c130 001  \0  \0  \0   . 001  \0  \0 360   >  \0  \0 001  \0  \0  \0
000c140   $ 001  \0  \0   $ 001  \0  \0 360   >  \0  \0 001  \0  \0  \0
000c150 001  \0  \0  \0   $  \0  \0  \0   a  \0  \0  \0  \0  \0  \0  \0
000c160 001  \0  \0  \0   N 001  \0  \0   a  \0  \0  \0  \0  \0  \0  \0
000c170 001  \0  \0  \0   d 001  \0  \0  \0  \0  \0  \0  \0  \0  \0  \0
000c180 002  \0  \0  \0 017 001 020  \0  \0  \0  \0  \0 001  \0  \0  \0
000c190 026  \0  \0  \0 017 001  \0  \0 360   >  \0  \0 001  \0  \0  \0
000c1a0 034  \0  \0  \0 017 001  \0  \0 320   >  \0  \0 001  \0  \0  \0
000c1b0   $  \0  \0  \0 001  \0  \0 003  \0  \0  \0  \0  \0  \0  \0  \0
000c1c0   =  \0  \0  \0 001  \0  \0 003  \0  \0  \0  \0  \0  \0  \0  \0
000c1d0   W  \0  \0  \0 001  \0  \0 004  \0  \0  \0  \0  \0  \0  \0  \0
000c1e0   _  \0  \0  \0 001  \0  \0 004  \0  \0  \0  \0  \0  \0  \0  \0
000c1f0 020  \0  \0  \0 021  \0  \0  \0 022  \0  \0  \0 023  \0  \0  \0
000c200 020  \0  \0  \0 021  \0  \0  \0 022  \0  \0  \0  \0  \0  \0  \0
000c210      \0   _   _   m   h   _   e   x   e   c   u   t   e   _   h
000c220   e   a   d   e   r  \0   _   m   a   i   n  \0   _   r   e   p
000c230   o   r   t  \0   _   o   b   j   c   _   a   u   t   o   r   e
000c240   l   e   a   s   e   P   o   o   l   P   o   p  \0   _   o   b
000c250   j   c   _   a   u   t   o   r   e   l   e   a   s   e   P   o
000c260   o   l   P   u   s   h  \0   _   p   r   i   n   t   f  \0   d
000c270   y   l   d   _   s   t   u   b   _   b   i   n   d   e   r  \0
000c280   _   _   d   y   l   d   _   p   r   i   v   a   t   e  \0   /
000c290   V   o   l   u   m   e   s   /   g   i   t   /   A   p   p   W
000c2a0   i   t   h   T   o   o   l   /   T   o   o   l   X   /  \0   m
000c2b0   a   i   n   .   m  \0   /   V   o   l   u   m   e   s   /   g
000c2c0   i   t   /   A   p   p   W   i   t   h   T   o   o   l   /   B
000c2d0   u   i   l   d   /   I   n   t   e   r   m   e   d   i   a   t
000c2e0   e   s   .   n   o   i   n   d   e   x   /   A   p   p   W   i
000c2f0   t   h   T   o   o   l   .   b   u   i   l   d   /   D   e   b
000c300   u   g   /   T   o   o   l   X   .   b   u   i   l   d   /   O
000c310   b   j   e   c   t   s   -   n   o   r   m   a   l   /   x   8
000c320   6   _   6   4   /   m   a   i   n   .   o  \0   _   r   e   p
000c330   o   r   t  \0   _   m   a   i   n  \0  \0  \0  \0  \0  \0  \0
000c340 372 336  \f 300  \0  \0 035   p  \0  \0  \0 004  \0  \0  \0  \0
000c350  \0  \0  \0   ,  \0  \0  \0 002  \0  \0 002 371  \0  \0  \0 005
000c360  \0  \0 003 311  \0 001  \0  \0  \0  \0  \n 257 372 336  \f 002
000c370  \0  \0 002 315  \0 002 005  \0  \0 001  \0  \0  \0  \0 001   -
000c380  \0  \0  \0   `  \0  \0  \0 005  \0  \0  \0  \r  \0  \0 303   @
000c390     002  \0  \f  \0  \0  \0  \0  \0  \0  \0  \0  \0  \0  \0 202
000c3a0  \0  \0  \0  \0  \0  \0  \0  \0  \0  \0  \0  \0  \0  \0  \0  \0
*
000c3c0  \0  \0  \0 001  \0  \v 001  \0  \0  \0  \0  \0   d   e   v   .
000c3d0   b   i   t   c   o   i   n   c   o   r   e   .   A   p   p   W
000c3e0   i   t   h   T   o   o   l   .   T   o   o   l   X  \0   Q   P
000c3f0   9   M   S   C   9   X   7   4  \0 025 266   8   x 341 302 344
000c400 237 020 245 265   > 226 035 005 353 320   / 243   ` 311 253 335
000c410 003   y 220   H 344 311   $  \t 322  \0  \0  \0  \0  \0  \0  \0
000c420  \0  \0  \0  \0  \0  \0  \0  \0  \0  \0  \0  \0  \0  \0  \0  \0
*
000c450  \0  \0  \0  \0  \0  \0  \0  \0  \0  \f 234 256 365 247 334 001
000c460 337   N 016 362 320   ' 004 202 316 370 022 037 344   9   i 314
000c470 341 255 274 336   p 033 037   _ 353  \0  \0  \0  \0  \0  \0  \0
000c480  \0  \0  \0  \0  \0  \0  \0  \0  \0  \0  \0  \0  \0  \0  \0  \0
000c490  \0  \0  \0  \0  \0  \0  \0  \0  \0 306 356   0   - 301 277   %
000c4a0 372   X 023   C 200 271 006 300 271   @ 031 016 216   g   '   o
000c4b0 341 241 031   Q 323 261 262 336 212 255 177 254 262   X   o 306
000c4c0 351   f 300 004 327 321 321   k 002   O   X 005 377   | 264   |
000c4d0   z 205 332 275 213   H 211   , 247 255 177 254 262   X   o 306
000c4e0 351   f 300 004 327 321 321   k 002   O   X 005 377   | 264   |
000c4f0   z 205 332 275 213   H 211   , 247  \0 330   >  \t 177 213   "
000c500   o   3   Y 215 213  \0 210 253 246   N   ] 245   \ 267  \b 205
000c510 302 275 025 206 250   Z 320 241   =   g 017   v 362 373  \f   n
000c520   P 227   = 302   G 364 311 325 216   5 341 372 276 356   S   )
000c530  \t 247 033   3   W 276 024 227 303 255 177 254 262   X   o 306
000c540 351   f 300 004 327 321 321   k 002   O   X 005 377   | 264   |
000c550   z 205 332 275 213   H 211   , 247 255 177 254 262   X   o 306
000c560 351   f 300 004 327 321 321   k 002   O   X 005 377   | 264   |
000c570   z 205 332 275 213   H 211   , 247 255 177 254 262   X   o 306
000c580 351   f 300 004 327 321 321   k 002   O   X 005 377   | 264   |
000c590   z 205 332 275 213   H 211   , 247 264 263 323 340   B 236   w
000c5a0 201  \n 273 232   |  \v   S   k 311 027 354   u   M 225   I   l
000c5b0   l 315 207   J   B   z 350   H   6 255 177 254 262   X   o 306
000c5c0 351   f 300 004 327 321 321   k 002   O   X 005 377   | 264   |
000c5d0   z 205 332 275 213   H 211   , 247 255 177 254 262   X   o 306
000c5e0 351   f 300 004 327 321 321   k 002   O   X 005 377   | 264   |
000c5f0   z 205 332 275 213   H 211   , 247 255 177 254 262   X   o 306
000c600 351   f 300 004 327 321 321   k 002   O   X 005 377   | 264   |
000c610   z 205 332 275 213   H 211   , 247   f 035 312 267 270   5 375
000c620 245   t   <   D   X 303 202   %   T  \t 341  \n 217 205   F   L
000c630 201 247 272   }   :   U   [ 037 366 372 336  \f 001  \0  \0  \0
000c640 320  \0  \0  \0 001  \0  \0  \0 003  \0  \0  \0 024 372 336  \f
000c650  \0  \0  \0  \0 274  \0  \0  \0 001  \0  \0  \0 006  \0  \0  \0
000c660 002  \0  \0  \0   !   d   e   v   .   b   i   t   c   o   i   n
000c670   c   o   r   e   .   A   p   p   W   i   t   h   T   o   o   l
000c680   .   T   o   o   l   X  \0  \0  \0  \0  \0  \0 006  \0  \0  \0
000c690 017  \0  \0  \0 006  \0  \0  \0  \v  \0  \0  \0  \0  \0  \0  \0
000c6a0  \n   s   u   b   j   e   c   t   .   C   N  \0  \0  \0  \0  \0
000c6b0 001  \0  \0  \0   6   A   p   p   l   e       D   e   v   e   l
000c6c0   o   p   m   e   n   t   :       r   a   n   d   y   m   c   m
000c6d0   i   l   l   a   n   1   @   m   a   c   .   c   o   m       (
000c6e0   6   F   E   9   9   W   6   T   E   3   )  \0  \0  \0  \0  \0
000c6f0 016  \0  \0  \0 001  \0  \0  \0  \n   * 206   H 206 367   c   d
000c700 006 002 001  \0  \0  \0  \0  \0  \0 372 336   q   q  \0  \0 006
000c710 346   <   ?   x   m   l       v   e   r   s   i   o   n   =   "
000c720   1   .   0   "       e   n   c   o   d   i   n   g   =   "   U
000c730   T   F   -   8   "   ?   >  \n   <   !   D   O   C   T   Y   P
000c740   E       p   l   i   s   t       P   U   B   L   I   C       "
000c750   -   /   /   A   p   p   l   e   /   /   D   T   D       P   L
000c760   I   S   T       1   .   0   /   /   E   N   "       "   h   t
000c770   t   p   :   /   /   w   w   w   .   a   p   p   l   e   .   c
000c780   o   m   /   D   T   D   s   /   P   r   o   p   e   r   t   y
000c790   L   i   s   t   -   1   .   0   .   d   t   d   "   >  \n   <
000c7a0   p   l   i   s   t       v   e   r   s   i   o   n   =   "   1
000c7b0   .   0   "   >  \n   <   d   i   c   t   >  \n  \t   <   k   e
000c7c0   y   >   c   o   m   .   a   p   p   l   e   .   s   e   c   u
000c7d0   r   i   t   y   .   a   p   p   -   s   a   n   d   b   o   x
000c7e0   <   /   k   e   y   >  \n  \t   <   t   r   u   e   /   >  \n
000c7f0  \t   <   k   e   y   >   c   o   m   .   a   p   p   l   e   .
000c800   s   e   c   u   r   i   t   y   .   a   s   s   e   t   s   .
000c810   m   o   v   i   e   s   .   r   e   a   d   -   w   r   i   t
000c820   e   <   /   k   e   y   >  \n  \t   <   t   r   u   e   /   >
000c830  \n  \t   <   k   e   y   >   c   o   m   .   a   p   p   l   e
000c840   .   s   e   c   u   r   i   t   y   .   a   s   s   e   t   s
000c850   .   m   u   s   i   c   .   r   e   a   d   -   w   r   i   t
000c860   e   <   /   k   e   y   >  \n  \t   <   t   r   u   e   /   >
000c870  \n  \t   <   k   e   y   >   c   o   m   .   a   p   p   l   e
000c880   .   s   e   c   u   r   i   t   y   .   a   s   s   e   t   s
000c890   .   p   i   c   t   u   r   e   s   .   r   e   a   d   -   w
000c8a0   r   i   t   e   <   /   k   e   y   >  \n  \t   <   t   r   u
000c8b0   e   /   >  \n  \t   <   k   e   y   >   c   o   m   .   a   p
000c8c0   p   l   e   .   s   e   c   u   r   i   t   y   .   a   u   t
000c8d0   o   m   a   t   i   o   n   .   a   p   p   l   e   -   e   v
000c8e0   e   n   t   s   <   /   k   e   y   >  \n  \t   <   t   r   u
000c8f0   e   /   >  \n  \t   <   k   e   y   >   c   o   m   .   a   p
000c900   p   l   e   .   s   e   c   u   r   i   t   y   .   c   s   .
000c910   a   l   l   o   w   -   d   y   l   d   -   e   n   v   i   r
000c920   o   n   m   e   n   t   -   v   a   r   i   a   b   l   e   s
000c930   <   /   k   e   y   >  \n  \t   <   t   r   u   e   /   >  \n
000c940  \t   <   k   e   y   >   c   o   m   .   a   p   p   l   e   .
000c950   s   e   c   u   r   i   t   y   .   c   s   .   a   l   l   o
000c960   w   -   j   i   t   <   /   k   e   y   >  \n  \t   <   t   r
000c970   u   e   /   >  \n  \t   <   k   e   y   >   c   o   m   .   a
000c980   p   p   l   e   .   s   e   c   u   r   i   t   y   .   c   s
000c990   .   a   l   l   o   w   -   u   n   s   i   g   n   e   d   -
000c9a0   e   x   e   c   u   t   a   b   l   e   -   m   e   m   o   r
000c9b0   y   <   /   k   e   y   >  \n  \t   <   t   r   u   e   /   >
000c9c0  \n  \t   <   k   e   y   >   c   o   m   .   a   p   p   l   e
000c9d0   .   s   e   c   u   r   i   t   y   .   c   s   .   d   e   b
000c9e0   u   g   g   e   r   <   /   k   e   y   >  \n  \t   <   t   r
000c9f0   u   e   /   >  \n  \t   <   k   e   y   >   c   o   m   .   a
000ca00   p   p   l   e   .   s   e   c   u   r   i   t   y   .   c   s
000ca10   .   d   i   s   a   b   l   e   -   e   x   e   c   u   t   a
000ca20   b   l   e   -   p   a   g   e   -   p   r   o   t   e   c   t
000ca30   i   o   n   <   /   k   e   y   >  \n  \t   <   t   r   u   e
000ca40   /   >  \n  \t   <   k   e   y   >   c   o   m   .   a   p   p
000ca50   l   e   .   s   e   c   u   r   i   t   y   .   c   s   .   d
000ca60   i   s   a   b   l   e   -   l   i   b   r   a   r   y   -   v
000ca70   a   l   i   d   a   t   i   o   n   <   /   k   e   y   >  \n
000ca80  \t   <   t   r   u   e   /   >  \n  \t   <   k   e   y   >   c
000ca90   o   m   .   a   p   p   l   e   .   s   e   c   u   r   i   t
000caa0   y   .   d   e   v   i   c   e   .   a   u   d   i   o   -   i
000cab0   n   p   u   t   <   /   k   e   y   >  \n  \t   <   t   r   u
000cac0   e   /   >  \n  \t   <   k   e   y   >   c   o   m   .   a   p
000cad0   p   l   e   .   s   e   c   u   r   i   t   y   .   d   e   v
000cae0   i   c   e   .   b   l   u   e   t   o   o   t   h   <   /   k
000caf0   e   y   >  \n  \t   <   t   r   u   e   /   >  \n  \t   <   k
000cb00   e   y   >   c   o   m   .   a   p   p   l   e   .   s   e   c
000cb10   u   r   i   t   y   .   d   e   v   i   c   e   .   c   a   m
000cb20   e   r   a   <   /   k   e   y   >  \n  \t   <   t   r   u   e
000cb30   /   >  \n  \t   <   k   e   y   >   c   o   m   .   a   p   p
000cb40   l   e   .   s   e   c   u   r   i   t   y   .   d   e   v   i
000cb50   c   e   .   u   s   b   <   /   k   e   y   >  \n  \t   <   t
000cb60   r   u   e   /   >  \n  \t   <   k   e   y   >   c   o   m   .
000cb70   a   p   p   l   e   .   s   e   c   u   r   i   t   y   .   f
000cb80   i   l   e   s   .   d   o   w   n   l   o   a   d   s   .   r
000cb90   e   a   d   -   w   r   i   t   e   <   /   k   e   y   >  \n
000cba0  \t   <   t   r   u   e   /   >  \n  \t   <   k   e   y   >   c
000cbb0   o   m   .   a   p   p   l   e   .   s   e   c   u   r   i   t
000cbc0   y   .   f   i   l   e   s   .   u   s   e   r   -   s   e   l
000cbd0   e   c   t   e   d   .   r   e   a   d   -   w   r   i   t   e
000cbe0   <   /   k   e   y   >  \n  \t   <   t   r   u   e   /   >  \n
000cbf0  \t   <   k   e   y   >   c   o   m   .   a   p   p   l   e   .
000cc00   s   e   c   u   r   i   t   y   .   i   n   h   e   r   i   t
000cc10   <   /   k   e   y   >  \n  \t   <   t   r   u   e   /   >  \n
000cc20  \t   <   k   e   y   >   c   o   m   .   a   p   p   l   e   .
000cc30   s   e   c   u   r   i   t   y   .   n   e   t   w   o   r   k
000cc40   .   c   l   i   e   n   t   <   /   k   e   y   >  \n  \t   <
000cc50   t   r   u   e   /   >  \n  \t   <   k   e   y   >   c   o   m
000cc60   .   a   p   p   l   e   .   s   e   c   u   r   i   t   y   .
000cc70   n   e   t   w   o   r   k   .   s   e   r   v   e   r   <   /
000cc80   k   e   y   >  \n  \t   <   t   r   u   e   /   >  \n  \t   <
000cc90   k   e   y   >   c   o   m   .   a   p   p   l   e   .   s   e
000cca0   c   u   r   i   t   y   .   p   e   r   s   o   n   a   l   -
000ccb0   i   n   f   o   r   m   a   t   i   o   n   .   a   d   d   r
000ccc0   e   s   s   b   o   o   k   <   /   k   e   y   >  \n  \t   <
000ccd0   t   r   u   e   /   >  \n  \t   <   k   e   y   >   c   o   m
000cce0   .   a   p   p   l   e   .   s   e   c   u   r   i   t   y   .
000ccf0   p   e   r   s   o   n   a   l   -   i   n   f   o   r   m   a
000cd00   t   i   o   n   .   c   a   l   e   n   d   a   r   s   <   /
000cd10   k   e   y   >  \n  \t   <   t   r   u   e   /   >  \n  \t   <
000cd20   k   e   y   >   c   o   m   .   a   p   p   l   e   .   s   e
000cd30   c   u   r   i   t   y   .   p   e   r   s   o   n   a   l   -
000cd40   i   n   f   o   r   m   a   t   i   o   n   .   l   o   c   a
000cd50   t   i   o   n   <   /   k   e   y   >  \n  \t   <   t   r   u
000cd60   e   /   >  \n  \t   <   k   e   y   >   c   o   m   .   a   p
000cd70   p   l   e   .   s   e   c   u   r   i   t   y   .   p   e   r
000cd80   s   o   n   a   l   -   i   n   f   o   r   m   a   t   i   o
000cd90   n   .   p   h   o   t   o   s   -   l   i   b   r   a   r   y
000cda0   <   /   k   e   y   >  \n  \t   <   t   r   u   e   /   >  \n
000cdb0  \t   <   k   e   y   >   c   o   m   .   a   p   p   l   e   .
000cdc0   s   e   c   u   r   i   t   y   .   p   r   i   n   t   <   /
000cdd0   k   e   y   >  \n  \t   <   t   r   u   e   /   >  \n   <   /
000cde0   d   i   c   t   >  \n   <   /   p   l   i   s   t   >  \n 372
000cdf0 336  \v 001  \0  \0 022 301   0 200 006  \t   * 206   H 206 367
000ce00  \r 001  \a 002 240 200   0 200 002 001 001   1 017   0  \r 006
000ce10  \t   ` 206   H 001   e 003 004 002 001 005  \0   0 200 006  \t
000ce20   * 206   H 206 367  \r 001  \a 001  \0  \0 240 202 016 352   0
000ce30 202 004   Q   0 202 003   9 240 003 002 001 002 002 020   | 257
000ce40   i  \n   % 267   9 376   { 233   D   z 301   x 305 356   0  \r
000ce50 006  \t   * 206   H 206 367  \r 001 001  \v 005  \0   0   b   1
000ce60  \v   0  \t 006 003   U 004 006 023 002   U   S   1 023   0 021
000ce70 006 003   U 004  \n 023  \n   A   p   p   l   e       I   n   c
000ce80   .   1   &   0   $ 006 003   U 004  \v 023 035   A   p   p   l
000ce90   e       C   e   r   t   i   f   i   c   a   t   i   o   n    
000cea0   A   u   t   h   o   r   i   t   y   1 026   0 024 006 003   U
000ceb0 004 003 023  \r   A   p   p   l   e       R   o   o   t       C
000cec0   A   0 036 027  \r   2   0   0   2   1   9   1   8   1   3   4
000ced0   7   Z 027  \r   3   0   0   2   2   0   0   0   0   0   0   0
000cee0   Z   0   u   1   D   0   B 006 003   U 004 003  \f   ;   A   p
000cef0   p   l   e       W   o   r   l   d   w   i   d   e       D   e
000cf00   v   e   l   o   p   e   r       R   e   l   a   t   i   o   n
000cf10   s       C   e   r   t   i   f   i   c   a   t   i   o   n    
000cf20   A   u   t   h   o   r   i   t   y   1  \v   0  \t 006 003   U
000cf30 004  \v  \f 002   G   3   1 023   0 021 006 003   U 004  \n  \f
000cf40  \n   A   p   p   l   e       I   n   c   .   1  \v   0  \t 006
000cf50 003   U 004 006 023 002   U   S   0 202 001   "   0  \r 006  \t
000cf60   * 206   H 206 367  \r 001 001 001 005  \0 003 202 001 017  \0
000cf70   0 202 001  \n 002 202 001 001  \0 330 365 211 374 250   Y  \v
000cf80 207 307   L 221   .   -   V 220 323   x 035 244   0 351 245   H
000cf90 357  \v   C 277   - 204 373   $   ]   E 033 345 353   Y   6 022
000cfa0   \   T   d 236   l   b   - 264 306 227 312 314   < 366 326 006
000cfb0 221 374 345 002 246 034   j 264   y 325   g 313 254 351   ?  \a
000cfc0 021 341 204 274   G 035   f 216   9 242 350 264   I 355   : 322
000cfd0 341 020   `   z 216 223 214 312 300 332  \f 300 203 320 343 371
000cfe0 221 326 247 214 310 301   s 342 256   F 321   b 235 222 250 220
000cff0   `   7   }   h 226 315 215 340 374 233 372   x 273 343   { 257
000d000   - 027 335   [ 376 200   Y   #   u 027 270 022 301 355 033 345
000d010   4 316 376   " 265 236   I 260 345   U 277 217 204 242   < 250
000d020 272 305 206 225 026 344  \0 311 237 003 320 314 263   : 026   {
000d030 326 005   \ 235 353   G 256  \r 265   - 214 016   i   M   @ 320
000d040   K   L   ; 004 236 215   ! 261 254   .   C   T   0 316 301 212
000d050 206 224 230   K 337   j  \r   ? 376 373 034 256 227 027 302   x
000d060  \n   0 340   _ 037   T   ;   I 267   %  \0 032   7 202 322   V
000d070 227 245   R   I   |   `   8 233 357 002 003 001  \0 001 243 201
000d080 357   0 201 354   0 022 006 003   U 035 023 001 001 377 004  \b
000d090   0 006 001 001 377 002 001  \0   0 037 006 003   U 035   # 004
000d0a0 030   0 026 200 024   + 320   i   G 224   v  \t 376 364   k 215
000d0b0   .   @ 246 367   G   M 177  \b   ^   0   D 006  \b   + 006 001
000d0c0 005 005  \a 001 001 004   8   0   6   0   4 006  \b   + 006 001
000d0d0 005 005  \a   0 001 206   (   h   t   t   p   :   /   /   o   c
000d0e0   s   p   .   a   p   p   l   e   .   c   o   m   /   o   c   s
000d0f0   p   0   3   -   a   p   p   l   e   r   o   o   t   c   a   0
000d100   . 006 003   U 035 037 004   '   0   %   0   # 240   ! 240 037
000d110 206 035   h   t   t   p   :   /   /   c   r   l   .   a   p   p
000d120   l   e   .   c   o   m   /   r   o   o   t   .   c   r   l   0
000d130 035 006 003   U 035 016 004 026 004 024  \t 376 300 025 220 371
000d140 257   d  \n 222 022 271   &   (   c  \f 227 354 247 262   0 016
000d150 006 003   U 035 017 001 001 377 004 004 003 002 001 006   0 020
000d160 006  \n   * 206   H 206 367   c   d 006 002 001 004 002 005  \0
000d170   0  \r 006  \t   * 206   H 206 367  \r 001 001  \v 005  \0 003
000d180 202 001 001  \0 255   e 023 350 366 340 201   w   D 002   G   B
000d190 276   _ 245   9     352   b 251 375 305 220 311   s 023 325 236
000d1a0 233 320 252 017 215 215 313 355 001 317   l   (   @   [ 307   U
000d1b0   $   A 370 374 317 301 265   # 351 334 354 361   o 312 200 035
000d1c0   w 302 304   a   I   %   g 257 017 312   9   % 255 323 343   z
000d1d0 314   3   (  \r 016   . 241   W   @   s 372 346   \ 256 006   Q
000d1e0   ) 355 343 205  \f   O   a 334   2 026 213   w 320   D 312   ]
000d1f0   r 003   1   F 234 256 233   @ 032 372 364 340 323   > 372   /
000d200 214   f 237 227 304   T   Y 357 322   H 364  \a 231   I   `   Y
000d210 031 307 335 224 321 300 301   l 177   x   ! 357  \f 353   ;   l
000d220 231 202   K   R   `   8 265   9 202   m 354   R   1   S 276 017
000d230 221   L   I   I   t 217 246   Q 313 204   G   N 035   u   '   n
000d240 275 371 322   \ 363 177 302   l  \v  \t   6 342   d 344 302   7
000d250 003 024 031 325 352   j 224 252 251 333 376 366 232  \b   g 213
000d260 357   + 270 252 027   I 203 257 317 313 274 351 317 352 225   q
000d270 260 264   E 242 314 345 207 252  \n 303   A   :   y   \ 332   P
000d280   4 235 225   ;   0 202 004 273   0 202 003 243 240 003 002 001
000d290 002 002 001 002   0  \r 006  \t   * 206   H 206 367  \r 001 001
000d2a0 005 005  \0   0   b   1  \v   0  \t 006 003   U 004 006 023 002
000d2b0   U   S   1 023   0 021 006 003   U 004  \n 023  \n   A   p   p
000d2c0   l   e       I   n   c   .   1   &   0   $ 006 003   U 004  \v
000d2d0 023 035   A   p   p   l   e       C   e   r   t   i   f   i   c
000d2e0   a   t   i   o   n       A   u   t   h   o   r   i   t   y   1
000d2f0 026   0 024 006 003   U 004 003 023  \r   A   p   p   l   e    
000d300   R   o   o   t       C   A   0 036 027  \r   0   6   0   4   2
000d310   5   2   1   4   0   3   6   Z 027  \r   3   5   0   2   0   9
000d320   2   1   4   0   3   6   Z   0   b   1  \v   0  \t 006 003   U
000d330 004 006 023 002   U   S   1 023   0 021 006 003   U 004  \n 023
000d340  \n   A   p   p   l   e       I   n   c   .   1   &   0   $ 006
000d350 003   U 004  \v 023 035   A   p   p   l   e       C   e   r   t
000d360   i   f   i   c   a   t   i   o   n       A   u   t   h   o   r
000d370   i   t   y   1 026   0 024 006 003   U 004 003 023  \r   A   p
000d380   p   l   e       R   o   o   t       C   A   0 202 001   "   0
000d390  \r 006  \t   * 206   H 206 367  \r 001 001 001 005  \0 003 202
000d3a0 001 017  \0   0 202 001  \n 002 202 001 001  \0 344 221 251  \t
000d3b0 037 221 333 036   G   P 353 005 355   ^   y 204   - 353   6 242
000d3c0   W   L   U 354 213 031 211 336 371   K   l 365  \a 253   "   0
000d3d0 002 350 030   > 370   P  \t 323 177   A 250 230 371 321 312   f
000d3e0 234   $   k 021 320 243 273 344 033   * 303 037 225 236   z  \f
000d3f0 244   G 213   [ 324 026   7   3 313 304 017   M 316 024   i 321
000d400 311 031   r 365   ] 016 325 177   _ 233 362   % 003 272   U 217
000d410   M   ]  \r 361   d   5   # 025   K 025   Y 035 263 224 367 366
000d420 234 236 317   P 272 301   X   P   g 217  \b 264     367 313 254
000d430   ,       o   p 266   ? 001   0 214 267   C 317 017 235   = 363
000d440   +   I   ( 032 310 376 316 265 271 016 331   ^ 034 326 313   =
000d450 265   : 255 364 017 016  \0 222  \v 261   ! 026   .   t 325   <
000d460  \r 333   b 026 253 243   q 222   G   S   U 301 257   /   A 263
000d470 370 373 343   p 315 346 243   L   E   ~ 037   L   k   P 226   A
000d480 211 304   t   b  \v 020 203   A 207   3 212 201 261   0   X 354
000d490   Z 004   2 214   h 263 217 035 336   e   s 377   g   ^   e 274
000d4a0   I 330   v 237   3 024   e 241   w 224 311   - 002 003 001  \0
000d4b0 001 243 202 001   z   0 202 001   v   0 016 006 003   U 035 017
000d4c0 001 001 377 004 004 003 002 001 006   0 017 006 003   U 035 023
000d4d0 001 001 377 004 005   0 003 001 001 377   0 035 006 003   U 035
000d4e0 016 004 026 004 024   + 320   i   G 224   v  \t 376 364   k 215
000d4f0   .   @ 246 367   G   M 177  \b   ^   0 037 006 003   U 035   #
000d500 004 030   0 026 200 024   + 320   i   G 224   v  \t 376 364   k
000d510 215   .   @ 246 367   G   M 177  \b   ^   0 202 001 021 006 003
000d520   U 035     004 202 001  \b   0 202 001 004   0 202 001  \0 006
000d530  \t   * 206   H 206 367   c   d 005 001   0 201 362   0   * 006
000d540  \b   + 006 001 005 005  \a 002 001 026 036   h   t   t   p   s
000d550   :   /   /   w   w   w   .   a   p   p   l   e   .   c   o   m
000d560   /   a   p   p   l   e   c   a   /   0 201 303 006  \b   + 006
000d570 001 005 005  \a 002 002   0 201 266 032 201 263   R   e   l   i
000d580   a   n   c   e       o   n       t   h   i   s       c   e   r
000d590   t   i   f   i   c   a   t   e       b   y       a   n   y    
000d5a0   p   a   r   t   y       a   s   s   u   m   e   s       a   c
000d5b0   c   e   p   t   a   n   c   e       o   f       t   h   e    
000d5c0   t   h   e   n       a   p   p   l   i   c   a   b   l   e    
000d5d0   s   t   a   n   d   a   r   d       t   e   r   m   s       a
000d5e0   n   d       c   o   n   d   i   t   i   o   n   s       o   f
000d5f0       u   s   e   ,       c   e   r   t   i   f   i   c   a   t
000d600   e       p   o   l   i   c   y       a   n   d       c   e   r
000d610   t   i   f   i   c   a   t   i   o   n       p   r   a   c   t
000d620   i   c   e       s   t   a   t   e   m   e   n   t   s   .   0
000d630  \r 006  \t   * 206   H 206 367  \r 001 001 005 005  \0 003 202
000d640 001 001  \0   \   6 231   L   -   x 267 355 214 233 334 363   w
000d650 233 362   v 322   w   0   O 301 037 205 203 205 033 231   =   G
000d660   7 362 251 233   @ 216   , 324 261 220 022 330 276 364   s 233
000d670 356 322   d 017 313   y   O   4 330 242   > 371   x 377   k 310
000d680  \a 354   }   9 203 213   S     323   8 304 261 277 232   O  \n
000d690   k 377   + 374   Y 247 005  \t   | 027   @   V 021 036   t 323
000d6a0 267 213   #   ;   G 243 325   o   $ 342 353 321 267   p 337 017
000d6b0   E 341   ' 312 361   m   x 355 347 265 027 027 250 334   ~   "
000d6c0   5 312   % 325 331 017 326   k 324 242   $   # 021 367 241 254
000d6d0 217   s 201   ` 306 033   [  \t   / 222 262 370   D   H 360   `
000d6e0   8 236 025 365   =   &   g     212   3   j 367  \r 202 317 336
000d6f0 353 243   / 371   S   j   [   d 300   c   3   w 367   :  \a   ,
000d700   V 353 332 017   ! 016 332 272   s 031   O 265 331   6 177 301
000d710 207   U 331 247 231 271   2   B 373 330 325   q 236   ~ 241   R
000d720 267 033 275 223   B   $ 022   * 307 017 035 266   M 234   ^   c
000d730 310   K 200 027   P 252 212 325 332 344 374 320  \t  \a   7 260
000d740   u   u   !   0 202 005 322   0 202 004 272 240 003 002 001 002
000d750 002 020 177 243 177   1 377  \a 207     306   }   S 243 246  \b
000d760   / 327   0  \r 006  \t   * 206   H 206 367  \r 001 001  \v 005
000d770  \0   0   u   1   D   0   B 006 003   U 004 003  \f   ;   A   p
000d780   p   l   e       W   o   r   l   d   w   i   d   e       D   e
000d790   v   e   l   o   p   e   r       R   e   l   a   t   i   o   n
000d7a0   s       C   e   r   t   i   f   i   c   a   t   i   o   n    
000d7b0   A   u   t   h   o   r   i   t   y   1  \v   0  \t 006 003   U
000d7c0 004  \v  \f 002   G   3   1 023   0 021 006 003   U 004  \n  \f
000d7d0  \n   A   p   p   l   e       I   n   c   .   1  \v   0  \t 006
000d7e0 003   U 004 006 023 002   U   S   0 036 027  \r   2   2   1   1
000d7f0   1   3   2   2   1   9   5   1   Z 027  \r   2   3   1   1   1
000d800   3   2   2   1   9   5   0   Z   0 201 230   1 032   0 030 006
000d810  \n  \t 222   & 211 223 362   ,   d 001 001  \f  \n   Y   C   R
000d820   5   2   P   K   E   U   Z   1   ?   0   = 006 003   U 004 003
000d830  \f   6   A   p   p   l   e       D   e   v   e   l   o   p   m
000d840   e   n   t   :       r   a   n   d   y   m   c   m   i   l   l
000d850   a   n   1   @   m   a   c   .   c   o   m       (   6   F   E
000d860   9   9   W   6   T   E   3   )   1 023   0 021 006 003   U 004
000d870  \v  \f  \n   Q   P   9   M   S   C   9   X   7   4   1 027   0
000d880 025 006 003   U 004  \n  \f 016   R   a   n   d   y       M   c
000d890   M   i   l   l   a   n   1  \v   0  \t 006 003   U 004 006 023
000d8a0 002   U   S   0 202 001   "   0  \r 006  \t   * 206   H 206 367
000d8b0  \r 001 001 001 005  \0 003 202 001 017  \0   0 202 001  \n 002
000d8c0 202 001 001  \0 313 025   P   N   P 212 024   S 243   C 003   &
000d8d0 256   ]   Q   <   A   o 224   _   b   t     316   D   f 337   =
000d8e0   , 254 265 207 024   j   {   g 363 024  \b   b   y 255 200   K
000d8f0   f   _   ]   T   Y   8 250   6 227 343   [   C 004   /   ' 310
000d900 325   7   F 367   }   < 211 001   u   o 342 345   ~   R   n 030
000d910 310   f 201 031   3 210   R 257   {   r   !   E   U   M 231 274
000d920 022 211 206 375 330   F   V 233   H 300 204 250 307 357 035 177
000d930 253 343 256 006 336   g   7 021 032 243 260 300   N 270 037 025
000d940 225 262   7   :   ( 320   9 376 373       j   = 306   5   ! 004
000d950   ) 267 313 002   j 201   m 353 234 261 236  \f 360 320   q 272
000d960 016 260   t 357 017 252 350   , 270 023   ;   D 253 307 321 261
000d970   k 330 320 371   o   U 231   } 305 327   w 027 302 200 262 306
000d980 030   }   e 346 331   V 277 252 336 211 357   |   ; 216 003 314
000d990   w 270 347  \f   # 236 377   u   b 241   e  \f   l 354 321 204
000d9a0   b 255 215 353 265   I   }  \v 004   { 377 243   P 324 217   X
000d9b0   ;   8   =   ) 030   v 374   h   t   R 372   U  \0   " 322   n
000d9c0 363   Q 224 203 002 003 001  \0 001 243 202 002   8   0 202 002
000d9d0   4   0  \f 006 003   U 035 023 001 001 377 004 002   0  \0   0
000d9e0 037 006 003   U 035   # 004 030   0 026 200 024  \t 376 300 025
000d9f0 220 371 257   d  \n 222 022 271   &   (   c  \f 227 354 247 262
000da00   0   p 006  \b   + 006 001 005 005  \a 001 001 004   d   0   b
000da10   0   - 006  \b   + 006 001 005 005  \a   0 002 206   !   h   t
000da20   t   p   :   /   /   c   e   r   t   s   .   a   p   p   l   e
000da30   .   c   o   m   /   w   w   d   r   g   3   .   d   e   r   0
000da40   1 006  \b   + 006 001 005 005  \a   0 001 206   %   h   t   t
000da50   p   :   /   /   o   c   s   p   .   a   p   p   l   e   .   c
000da60   o   m   /   o   c   s   p   0   3   -   w   w   d   r   g   3
000da70   0   4   0 202 001 036 006 003   U 035     004 202 001 025   0
000da80 202 001 021   0 202 001  \r 006  \t   * 206   H 206 367   c   d
000da90 005 001   0 201 377   0 201 303 006  \b   + 006 001 005 005  \a
000daa0 002 002   0 201 266  \f 201 263   R   e   l   i   a   n   c   e
000dab0       o   n       t   h   i   s       c   e   r   t   i   f   i
000dac0   c   a   t   e       b   y       a   n   y       p   a   r   t
000dad0   y       a   s   s   u   m   e   s       a   c   c   e   p   t
000dae0   a   n   c   e       o   f       t   h   e       t   h   e   n
000daf0       a   p   p   l   i   c   a   b   l   e       s   t   a   n
000db00   d   a   r   d       t   e   r   m   s       a   n   d       c
000db10   o   n   d   i   t   i   o   n   s       o   f       u   s   e
000db20   ,       c   e   r   t   i   f   i   c   a   t   e       p   o
000db30   l   i   c   y       a   n   d       c   e   r   t   i   f   i
000db40   c   a   t   i   o   n       p   r   a   c   t   i   c   e    
000db50   s   t   a   t   e   m   e   n   t   s   .   0   7 006  \b   +
000db60 006 001 005 005  \a 002 001 026   +   h   t   t   p   s   :   /
000db70   /   w   w   w   .   a   p   p   l   e   .   c   o   m   /   c
000db80   e   r   t   i   f   i   c   a   t   e   a   u   t   h   o   r
000db90   i   t   y   /   0 026 006 003   U 035   % 001 001 377 004  \f
000dba0   0  \n 006  \b   + 006 001 005 005  \a 003 003   0 035 006 003
000dbb0   U 035 016 004 026 004 024 001   { 351   3 204 276 207   z   e
000dbc0 207   x   L 005 340 367   z   8   $ 022 273   0 016 006 003   U
000dbd0 035 017 001 001 377 004 004 003 002  \a 200   0 023 006  \n   *
000dbe0 206   H 206 367   c   d 006 001 002 001 001 377 004 002 005  \0
000dbf0   0 023 006  \n   * 206   H 206 367   c   d 006 001  \f 001 001
000dc00 377 004 002 005  \0   0  \r 006  \t   * 206   H 206 367  \r 001
000dc10 001  \v 005  \0 003 202 001 001  \0 314 305 031 363   } 355 264
000dc20   k 216   q   R   % 332   7 026   1   k   m 354 313 251 341 032
000dc30  \r 240   o 342 236 225   L 224 024 243   f   c   I   9   r  \b
000dc40 253   B   s 003 233 215 262 353 031 031   $ 334 217   < 366 207
000dc50 372 260   U 326 237 313 035   '   ?   R 266   l 205 357 217 030
000dc60 305   n   m 032 242 363 317 303 333 223   # 365   ` 306 217 342
000dc70 005   7 256 361 236 262   P 036 273   P 233 335   J   |   ]   .
000dc80 234   n  \v 327 247   h 234 335   9   6 357 345   W 313   j 246
000dc90 312 253 371 022   c   5   o   = 341 254   b 317 237 227   =   T
000dca0 363 337 306 305   E 233 264 241   , 333   D 216   7 325 017 330
000dcb0   4 356 237 352   {   ~   x   V   H 306   :   Y   3 233 237   $
000dcc0   c 253 375   $   M   u 321 201 016 302 016   2 006 331   = 214
000dcd0   F 032 211  \a   J 342 324 200 215 273   j   G 324   I 314 376
000dce0 022 022  \a 344 031   : 332 260 313 221 020 301 327 343   %   @
000dcf0 214 306 203 243   { 001   g   p   W   h 353   v   % 003 021 356
000dd00 275   J 230   +   Q   o 341 360   u 250   V 310 222 213 030 027
000dd10   , 367 005 340   J   D   A 206 031   1 202 003 215   0 202 003
000dd20 211 002 001 001   0 201 211   0   u   1   D   0   B 006 003   U
000dd30 004 003  \f   ;   A   p   p   l   e       W   o   r   l   d   w
000dd40   i   d   e       D   e   v   e   l   o   p   e   r       R   e
000dd50   l   a   t   i   o   n   s       C   e   r   t   i   f   i   c
000dd60   a   t   i   o   n       A   u   t   h   o   r   i   t   y   1
000dd70  \v   0  \t 006 003   U 004  \v  \f 002   G   3   1 023   0 021
000dd80 006 003   U 004  \n  \f  \n   A   p   p   l   e       I   n   c
000dd90   .   1  \v   0  \t 006 003   U 004 006 023 002   U   S 002 020
000dda0 177 243 177   1 377  \a 207     306   }   S 243 246  \b   / 327
000ddb0   0  \r 006  \t   ` 206   H 001   e 003 004 002 001 005  \0 240
000ddc0 202 001 324   0 030 006  \t   * 206   H 206 367  \r 001  \t 003
000ddd0   1  \v 006  \t   * 206   H 206 367  \r 001  \a 001   0 034 006
000dde0  \t   * 206   H 206 367  \r 001  \t 005   1 017 027  \r   2   3
000ddf0   0   5   1   7   1   2   4   6   2   0   Z   0   / 006  \t   *
000de00 206   H 206 367  \r 001  \t 004   1   " 004     215   }   m 314
000de10 203   ~   W 301 267 257 364 214 204   0   "   `   ` 320 242   Q
000de20 225 225 273   9 205 373 001 346 264 336   S   a   0   < 006  \t
000de30   * 206   H 206 367   c   d  \t 002   1   /   0   - 006  \t   `
000de40 206   H 001   e 003 004 002 001 004     215   }   m 314 203   ~
000de50   W 301 267 257 364 214 204   0   "   `   ` 320 242   Q 225 225
000de60 273   9 205 373 001 346 264 336   S   a   0 202 001   ) 006  \t
000de70   * 206   H 206 367   c   d  \t 001   1 202 001 032 004 202 001
000de80 026   <   ?   x   m   l       v   e   r   s   i   o   n   =   "
000de90   1   .   0   "       e   n   c   o   d   i   n   g   =   "   U
000dea0   T   F   -   8   "   ?   >  \n   <   !   D   O   C   T   Y   P
000deb0   E       p   l   i   s   t       P   U   B   L   I   C       "
000dec0   -   /   /   A   p   p   l   e   /   /   D   T   D       P   L
000ded0   I   S   T       1   .   0   /   /   E   N   "       "   h   t
000dee0   t   p   :   /   /   w   w   w   .   a   p   p   l   e   .   c
000def0   o   m   /   D   T   D   s   /   P   r   o   p   e   r   t   y
000df00   L   i   s   t   -   1   .   0   .   d   t   d   "   >  \n   <
000df10   p   l   i   s   t       v   e   r   s   i   o   n   =   "   1
000df20   .   0   "   >  \n   <   d   i   c   t   >  \n  \t   <   k   e
000df30   y   >   c   d   h   a   s   h   e   s   <   /   k   e   y   >
000df40  \n  \t   <   a   r   r   a   y   >  \n  \t  \t   <   d   a   t
000df50   a   >  \n  \t  \t   j   X   1   t   z   I   N   +   V   8   G
000df60   3   r   /   S   M   h   D   A   i   Y   G   D   Q   o   l   E
000df70   =  \n  \t  \t   <   /   d   a   t   a   >  \n  \t   <   /   a
000df80   r   r   a   y   >  \n   <   /   d   i   c   t   >  \n   <   /
000df90   p   l   i   s   t   >  \n   0  \r 006  \t   * 206   H 206 367
000dfa0  \r 001 001 001 005  \0 004 202 001  \0 027 270   F 200 343 262
000dfb0 230 373   m 027     220 253 271 370   z 343   6 023  \f 017   Q
000dfc0   ,   P   \ 234   2 334 357   h 261   D   :   M 313 275   -   H
000dfd0   ; 200 307   4   a 312   T   >   % 002 311   K 263   _   Y 256
000dfe0 314 242 253 313 340   l 340   d 365   T   ;   P   q 320   U   ,
000dff0   S 314 363   G 223   |     024 233   z   A 027  \a 340  \f 233
000e000 233 243 243 365   ]   i 375   < 250 324 231 351 215 306 221   U
000e010   $ 025 027   ; 263   S 220   D 351 360 322   I 215   @ 341   Q
000e020   2 262 336 310   = 300 311 213 200 004 227 235   8   .   &   H
000e030 243 260 373 377   m   5 261   B 366   A   s 320   i   v   ;   d
000e040 355   w   | 276 351 374 357 365 315   o 347   = 003 343 344   )
000e050 325 265 363   l 206 301 233 022 256   r 200  \0   g   l 206 216
000e060 303 352 311   q 366 376   = 035   z 270 305   m   3   J  \v 376
000e070 306 370 344   E   _ 351 333   &   * 307 031   >   z 306 036   8
000e080   Q 263 206 325 366 310   N 373 300 024   + 324   " 254   + 315
000e090 237 377   ^ 247 361 234 021   =   7   ? 254 272   N 210 001   *
000e0a0 006 377 252  \0 227 377 252 233 003 201  \0  \0  \0  \0  \0  \0
000e0b0  \0  \0  \0  \0  \0  \0  \0  \0  \0  \0  \0  \0  \0  \0  \0  \0
*
0011440
